============================= test session starts ==============================
created: 10/10 workers
10 workers [114 items]

ss.ss...........s.....................s.......FFFFFF.sF...FFFFFFF.FFF... [ 63%]
FFF.F...FF...F.F......sF................s.                               [100%]
=================================== FAILURES ===================================
____________________________ test_pipeline_crawler _____________________________
[gw6] darwin -- Python 3.10.9 /Users/william.conti/Projects/ucx/.venv/bin/python

args = ('GET', '/api/2.0/clusters/list-node-types')
kwargs = {'body': None, 'data': None, 'files': None, 'headers': {'Accept': 'application/json', 'User-Agent': 'ucx/0.13.2 databricks-sdk-py/0.20.0 python/3.10.9 os/darwin auth/metadata-service'}, ...}
deadline = 1709135158.8512619, attempt = 33
last_err = TemporarilyUnavailable('Request timeout after 8 seconds')
retry_reason = 'throttled by platform', sleep = 1, retry_after_secs = 1

    @functools.wraps(func)
    def wrapper(*args, **kwargs):
        deadline = clock.time() + timeout.total_seconds()
        attempt = 1
        last_err = None
        while clock.time() < deadline:
            try:
>               return func(*args, **kwargs)

../../.venv/lib/python3.10/site-packages/databricks/sdk/retries.py:33: 
_ _ _ _ _ _ _ _ _ _ _ _ _ _ _ _ _ _ _ _ _ _ _ _ _ _ _ _ _ _ _ _ _ _ _ _ _ _ _ _ 

self = <databricks.sdk.core.ApiClient object at 0x1035de890>, method = 'GET'
path = '/api/2.0/clusters/list-node-types', query = None
headers = {'Accept': 'application/json', 'User-Agent': 'ucx/0.13.2 databricks-sdk-py/0.20.0 python/3.10.9 os/darwin auth/metadata-service'}
body = None, raw = False, files = None, data = None

    def _perform(self,
                 method: str,
                 path: str,
                 query: dict = None,
                 headers: dict = None,
                 body: dict = None,
                 raw: bool = False,
                 files=None,
                 data=None):
        response = self._session.request(method,
                                         f"{self._cfg.host}{path}",
                                         params=self._fix_query_string(query),
                                         json=body,
                                         headers=headers,
                                         files=files,
                                         data=data,
                                         stream=raw,
                                         timeout=self._http_timeout_seconds)
        try:
            self._record_request_log(response, raw=raw or data is not None or files is not None)
            if not response.ok: # internally calls response.raise_for_status()
                # TODO: experiment with traceback pruning for better readability
                # See https://stackoverflow.com/a/58821552/277035
                payload = response.json()
>               raise self._make_nicer_error(response=response, **payload) from None
E               databricks.sdk.errors.platform.TemporarilyUnavailable: Request timeout after 8 seconds

../../.venv/lib/python3.10/site-packages/databricks/sdk/core.py:238: TemporarilyUnavailable

The above exception was the direct cause of the following exception:

ws = WorkspaceClient(host='https://DATABRICKS_HOST', auth_type='metadata-service', ...)
make_pipeline = <function factory.<locals>.inner at 0x1035d9bd0>
inventory_schema = 'ucx_si6b7'
sql_backend = <databricks.labs.ucx.framework.crawlers.StatementExecutionBackend object at 0x103724820>

    @retried(on=[NotFound], timeout=timedelta(minutes=5))
    def test_pipeline_crawler(ws, make_pipeline, inventory_schema, sql_backend):
        logger.info("setting up fixtures")
>       created_pipeline = make_pipeline(configuration=_PIPELINE_CONF)

assessment/test_pipelines.py:14: 
_ _ _ _ _ _ _ _ _ _ _ _ _ _ _ _ _ _ _ _ _ _ _ _ _ _ _ _ _ _ _ _ _ _ _ _ _ _ _ _ 
../../src/databricks/labs/ucx/mixins/fixtures.py:55: in inner
    x = create(**kwargs)
../../src/databricks/labs/ucx/mixins/fixtures.py:796: in create
    node_type_id=ws.clusters.select_node_type(local_disk=True),
../../.venv/lib/python3.10/site-packages/databricks/sdk/mixins/compute.py:175: in select_node_type
    res = self.list_node_types()
../../.venv/lib/python3.10/site-packages/databricks/sdk/service/compute.py:6582: in list_node_types
    res = self._api.do('GET', '/api/2.0/clusters/list-node-types', headers=headers)
../../.venv/lib/python3.10/site-packages/databricks/sdk/core.py:130: in do
    response = retryable(self._perform)(method,
_ _ _ _ _ _ _ _ _ _ _ _ _ _ _ _ _ _ _ _ _ _ _ _ _ _ _ _ _ _ _ _ _ _ _ _ _ _ _ _ 

args = ('GET', '/api/2.0/clusters/list-node-types')
kwargs = {'body': None, 'data': None, 'files': None, 'headers': {'Accept': 'application/json', 'User-Agent': 'ucx/0.13.2 databricks-sdk-py/0.20.0 python/3.10.9 os/darwin auth/metadata-service'}, ...}
deadline = 1709135158.8512619, attempt = 33
last_err = TemporarilyUnavailable('Request timeout after 8 seconds')
retry_reason = 'throttled by platform', sleep = 1, retry_after_secs = 1

    @functools.wraps(func)
    def wrapper(*args, **kwargs):
        deadline = clock.time() + timeout.total_seconds()
        attempt = 1
        last_err = None
        while clock.time() < deadline:
            try:
                return func(*args, **kwargs)
            except Exception as err:
                last_err = err
                retry_reason = None
                # sleep 10s max per attempt, unless it's HTTP 429 or 503
                sleep = min(10, attempt)
                retry_after_secs = getattr(err, 'retry_after_secs', None)
                if retry_after_secs is not None:
                    # cannot depend on DatabricksError directly because of circular dependency
                    sleep = retry_after_secs
                    retry_reason = 'throttled by platform'
                elif is_retryable is not None:
                    retry_reason = is_retryable(err)
                elif on is not None:
                    for err_type in on:
                        if not isinstance(err, err_type):
                            continue
                        retry_reason = f'{type(err).__name__} is allowed to retry'
    
                if retry_reason is None:
                    # raise if exception is not retryable
                    raise err
    
                logger.debug(f'Retrying: {retry_reason} (sleeping ~{sleep}s)')
                clock.sleep(sleep + random())
                attempt += 1
>       raise TimeoutError(f'Timed out after {timeout}') from last_err
E       TimeoutError: Timed out after 0:05:00

../../.venv/lib/python3.10/site-packages/databricks/sdk/retries.py:59: TimeoutError
---------------------------- Captured stderr setup -----------------------------
[90m16:40:56[0m [1m[36mDEBUG[0m [90m[d.l.u.framework.crawlers] [api][execute] CREATE SCHEMA hive_metastore.ucx_si6b7[0m
[90m16:40:58[0m [1m[32m INFO[0m [1m[d.l.u.mixins.fixtures] Schema hive_metastore.ucx_si6b7: https://DATABRICKS_HOST/explore/data/hive_metastore/ucx_si6b7[0m
[90m16:40:58[0m [1m[36mDEBUG[0m [90m[d.l.u.mixins.fixtures] added schema fixture: SchemaInfo(catalog_name='hive_metastore', catalog_type=None, comment=None, created_at=None, created_by=None, effective_predictive_optimization_flag=None, enable_predictive_optimization=None, full_name='hive_metastore.ucx_si6b7', metastore_id=None, name='ucx_si6b7', owner=None, properties=None, storage_location=None, storage_root=None, updated_at=None, updated_by=None)[0m
------------------------------ Captured log setup ------------------------------
16:40 DEBUG [databricks.labs.ucx.framework.crawlers] [api][execute] CREATE SCHEMA hive_metastore.ucx_si6b7
16:40 INFO [databricks.labs.ucx.mixins.fixtures] Schema hive_metastore.ucx_si6b7: https://DATABRICKS_HOST/explore/data/hive_metastore/ucx_si6b7
16:40 DEBUG [databricks.labs.ucx.mixins.fixtures] added schema fixture: SchemaInfo(catalog_name='hive_metastore', catalog_type=None, comment=None, created_at=None, created_by=None, effective_predictive_optimization_flag=None, enable_predictive_optimization=None, full_name='hive_metastore.ucx_si6b7', metastore_id=None, name='ucx_si6b7', owner=None, properties=None, storage_location=None, storage_root=None, updated_at=None, updated_by=None)
----------------------------- Captured stderr call -----------------------------
[90m16:40:58[0m [1m[32m INFO[0m [1m[t.i.assessment.test_assessment] setting up fixtures[0m
[90m16:40:58[0m [1m[36mDEBUG[0m [90m[d.l.u.mixins.fixtures] added notebook fixture: /Users/william.conti@databricks.com/sdk-qtyR.py[0m
------------------------------ Captured log call -------------------------------
16:40 INFO [tests.integration.assessment.test_assessment] setting up fixtures
16:40 DEBUG [databricks.labs.ucx.mixins.fixtures] added notebook fixture: /Users/william.conti@databricks.com/sdk-qtyR.py
--------------------------- Captured stderr teardown ---------------------------
[90m16:46:04[0m [1m[36mDEBUG[0m [90m[d.l.u.mixins.fixtures] clearing 1 schema fixtures[0m
[90m16:46:04[0m [1m[36mDEBUG[0m [90m[d.l.u.mixins.fixtures] removing schema fixture: SchemaInfo(catalog_name='hive_metastore', catalog_type=None, comment=None, created_at=None, created_by=None, effective_predictive_optimization_flag=None, enable_predictive_optimization=None, full_name='hive_metastore.ucx_si6b7', metastore_id=None, name='ucx_si6b7', owner=None, properties=None, storage_location=None, storage_root=None, updated_at=None, updated_by=None)[0m
[90m16:46:04[0m [1m[36mDEBUG[0m [90m[d.l.u.framework.crawlers] [api][execute] DROP SCHEMA IF EXISTS hive_metastore.ucx_si6b7 CASCADE[0m
[90m16:46:05[0m [1m[36mDEBUG[0m [90m[d.l.u.mixins.fixtures] clearing 0 delta live table fixtures[0m
[90m16:46:05[0m [1m[36mDEBUG[0m [90m[d.l.u.mixins.fixtures] clearing 1 notebook fixtures[0m
[90m16:46:05[0m [1m[36mDEBUG[0m [90m[d.l.u.mixins.fixtures] removing notebook fixture: /Users/william.conti@databricks.com/sdk-qtyR.py[0m
---------------------------- Captured log teardown -----------------------------
16:46 DEBUG [databricks.labs.ucx.mixins.fixtures] clearing 1 schema fixtures
16:46 DEBUG [databricks.labs.ucx.mixins.fixtures] removing schema fixture: SchemaInfo(catalog_name='hive_metastore', catalog_type=None, comment=None, created_at=None, created_by=None, effective_predictive_optimization_flag=None, enable_predictive_optimization=None, full_name='hive_metastore.ucx_si6b7', metastore_id=None, name='ucx_si6b7', owner=None, properties=None, storage_location=None, storage_root=None, updated_at=None, updated_by=None)
16:46 DEBUG [databricks.labs.ucx.framework.crawlers] [api][execute] DROP SCHEMA IF EXISTS hive_metastore.ucx_si6b7 CASCADE
16:46 DEBUG [databricks.labs.ucx.mixins.fixtures] clearing 0 delta live table fixtures
16:46 DEBUG [databricks.labs.ucx.mixins.fixtures] clearing 1 notebook fixtures
16:46 DEBUG [databricks.labs.ucx.mixins.fixtures] removing notebook fixture: /Users/william.conti@databricks.com/sdk-qtyR.py
_______________________________ test_spn_crawler _______________________________
[gw2] darwin -- Python 3.10.9 /Users/william.conti/Projects/ucx/.venv/bin/python

args = ('GET', '/api/2.0/clusters/list-node-types')
kwargs = {'body': None, 'data': None, 'files': None, 'headers': {'Accept': 'application/json', 'User-Agent': 'ucx/0.13.2 databricks-sdk-py/0.20.0 python/3.10.9 os/darwin auth/metadata-service'}, ...}
deadline = 1709135158.677579, attempt = 33
last_err = TemporarilyUnavailable('Request timeout after 8 seconds')
retry_reason = 'throttled by platform', sleep = 1, retry_after_secs = 1

    @functools.wraps(func)
    def wrapper(*args, **kwargs):
        deadline = clock.time() + timeout.total_seconds()
        attempt = 1
        last_err = None
        while clock.time() < deadline:
            try:
>               return func(*args, **kwargs)

../../.venv/lib/python3.10/site-packages/databricks/sdk/retries.py:33: 
_ _ _ _ _ _ _ _ _ _ _ _ _ _ _ _ _ _ _ _ _ _ _ _ _ _ _ _ _ _ _ _ _ _ _ _ _ _ _ _ 

self = <databricks.sdk.core.ApiClient object at 0x1101dea10>, method = 'GET'
path = '/api/2.0/clusters/list-node-types', query = None
headers = {'Accept': 'application/json', 'User-Agent': 'ucx/0.13.2 databricks-sdk-py/0.20.0 python/3.10.9 os/darwin auth/metadata-service'}
body = None, raw = False, files = None, data = None

    def _perform(self,
                 method: str,
                 path: str,
                 query: dict = None,
                 headers: dict = None,
                 body: dict = None,
                 raw: bool = False,
                 files=None,
                 data=None):
        response = self._session.request(method,
                                         f"{self._cfg.host}{path}",
                                         params=self._fix_query_string(query),
                                         json=body,
                                         headers=headers,
                                         files=files,
                                         data=data,
                                         stream=raw,
                                         timeout=self._http_timeout_seconds)
        try:
            self._record_request_log(response, raw=raw or data is not None or files is not None)
            if not response.ok: # internally calls response.raise_for_status()
                # TODO: experiment with traceback pruning for better readability
                # See https://stackoverflow.com/a/58821552/277035
                payload = response.json()
>               raise self._make_nicer_error(response=response, **payload) from None
E               databricks.sdk.errors.platform.TemporarilyUnavailable: Request timeout after 8 seconds

../../.venv/lib/python3.10/site-packages/databricks/sdk/core.py:238: TemporarilyUnavailable

The above exception was the direct cause of the following exception:

ws = WorkspaceClient(host='https://DATABRICKS_HOST', auth_type='metadata-service', ...)
inventory_schema = 'ucx_sf48j'
make_job = <function factory.<locals>.inner at 0x1101d9d80>
make_pipeline = <function factory.<locals>.inner at 0x1101d9f30>
sql_backend = <databricks.labs.ucx.framework.crawlers.StatementExecutionBackend object at 0x1102283d0>

    @retried(on=[NotFound], timeout=timedelta(minutes=3))
    def test_spn_crawler(ws, inventory_schema, make_job, make_pipeline, sql_backend):
>       make_job(spark_conf=_SPARK_CONF)

assessment/test_CLOUD_ENV.py:19: 
_ _ _ _ _ _ _ _ _ _ _ _ _ _ _ _ _ _ _ _ _ _ _ _ _ _ _ _ _ _ _ _ _ _ _ _ _ _ _ _ 
../../src/databricks/labs/ucx/mixins/fixtures.py:55: in inner
    x = create(**kwargs)
../../src/databricks/labs/ucx/mixins/fixtures.py:740: in create
    node_type_id=ws.clusters.select_node_type(local_disk=True),
../../.venv/lib/python3.10/site-packages/databricks/sdk/mixins/compute.py:175: in select_node_type
    res = self.list_node_types()
../../.venv/lib/python3.10/site-packages/databricks/sdk/service/compute.py:6582: in list_node_types
    res = self._api.do('GET', '/api/2.0/clusters/list-node-types', headers=headers)
../../.venv/lib/python3.10/site-packages/databricks/sdk/core.py:130: in do
    response = retryable(self._perform)(method,
_ _ _ _ _ _ _ _ _ _ _ _ _ _ _ _ _ _ _ _ _ _ _ _ _ _ _ _ _ _ _ _ _ _ _ _ _ _ _ _ 

args = ('GET', '/api/2.0/clusters/list-node-types')
kwargs = {'body': None, 'data': None, 'files': None, 'headers': {'Accept': 'application/json', 'User-Agent': 'ucx/0.13.2 databricks-sdk-py/0.20.0 python/3.10.9 os/darwin auth/metadata-service'}, ...}
deadline = 1709135158.677579, attempt = 33
last_err = TemporarilyUnavailable('Request timeout after 8 seconds')
retry_reason = 'throttled by platform', sleep = 1, retry_after_secs = 1

    @functools.wraps(func)
    def wrapper(*args, **kwargs):
        deadline = clock.time() + timeout.total_seconds()
        attempt = 1
        last_err = None
        while clock.time() < deadline:
            try:
                return func(*args, **kwargs)
            except Exception as err:
                last_err = err
                retry_reason = None
                # sleep 10s max per attempt, unless it's HTTP 429 or 503
                sleep = min(10, attempt)
                retry_after_secs = getattr(err, 'retry_after_secs', None)
                if retry_after_secs is not None:
                    # cannot depend on DatabricksError directly because of circular dependency
                    sleep = retry_after_secs
                    retry_reason = 'throttled by platform'
                elif is_retryable is not None:
                    retry_reason = is_retryable(err)
                elif on is not None:
                    for err_type in on:
                        if not isinstance(err, err_type):
                            continue
                        retry_reason = f'{type(err).__name__} is allowed to retry'
    
                if retry_reason is None:
                    # raise if exception is not retryable
                    raise err
    
                logger.debug(f'Retrying: {retry_reason} (sleeping ~{sleep}s)')
                clock.sleep(sleep + random())
                attempt += 1
>       raise TimeoutError(f'Timed out after {timeout}') from last_err
E       TimeoutError: Timed out after 0:05:00

../../.venv/lib/python3.10/site-packages/databricks/sdk/retries.py:59: TimeoutError
---------------------------- Captured stderr setup -----------------------------
[90m16:40:56[0m [1m[36mDEBUG[0m [90m[d.l.u.framework.crawlers] [api][execute] CREATE SCHEMA hive_metastore.ucx_sf48j[0m
[90m16:40:58[0m [1m[32m INFO[0m [1m[d.l.u.mixins.fixtures] Schema hive_metastore.ucx_sf48j: https://DATABRICKS_HOST/explore/data/hive_metastore/ucx_sf48j[0m
[90m16:40:58[0m [1m[36mDEBUG[0m [90m[d.l.u.mixins.fixtures] added schema fixture: SchemaInfo(catalog_name='hive_metastore', catalog_type=None, comment=None, created_at=None, created_by=None, effective_predictive_optimization_flag=None, enable_predictive_optimization=None, full_name='hive_metastore.ucx_sf48j', metastore_id=None, name='ucx_sf48j', owner=None, properties=None, storage_location=None, storage_root=None, updated_at=None, updated_by=None)[0m
------------------------------ Captured log setup ------------------------------
16:40 DEBUG [databricks.labs.ucx.framework.crawlers] [api][execute] CREATE SCHEMA hive_metastore.ucx_sf48j
16:40 INFO [databricks.labs.ucx.mixins.fixtures] Schema hive_metastore.ucx_sf48j: https://DATABRICKS_HOST/explore/data/hive_metastore/ucx_sf48j
16:40 DEBUG [databricks.labs.ucx.mixins.fixtures] added schema fixture: SchemaInfo(catalog_name='hive_metastore', catalog_type=None, comment=None, created_at=None, created_by=None, effective_predictive_optimization_flag=None, enable_predictive_optimization=None, full_name='hive_metastore.ucx_sf48j', metastore_id=None, name='ucx_sf48j', owner=None, properties=None, storage_location=None, storage_root=None, updated_at=None, updated_by=None)
--------------------------- Captured stderr teardown ---------------------------
[90m16:46:06[0m [1m[36mDEBUG[0m [90m[d.l.u.mixins.fixtures] clearing 0 delta live table fixtures[0m
[90m16:46:06[0m [1m[36mDEBUG[0m [90m[d.l.u.mixins.fixtures] clearing 0 job fixtures[0m
[90m16:46:06[0m [1m[36mDEBUG[0m [90m[d.l.u.mixins.fixtures] clearing 0 notebook fixtures[0m
[90m16:46:06[0m [1m[36mDEBUG[0m [90m[d.l.u.mixins.fixtures] clearing 1 schema fixtures[0m
[90m16:46:06[0m [1m[36mDEBUG[0m [90m[d.l.u.mixins.fixtures] removing schema fixture: SchemaInfo(catalog_name='hive_metastore', catalog_type=None, comment=None, created_at=None, created_by=None, effective_predictive_optimization_flag=None, enable_predictive_optimization=None, full_name='hive_metastore.ucx_sf48j', metastore_id=None, name='ucx_sf48j', owner=None, properties=None, storage_location=None, storage_root=None, updated_at=None, updated_by=None)[0m
[90m16:46:06[0m [1m[36mDEBUG[0m [90m[d.l.u.framework.crawlers] [api][execute] DROP SCHEMA IF EXISTS hive_metastore.ucx_sf48j CASCADE[0m
---------------------------- Captured log teardown -----------------------------
16:46 DEBUG [databricks.labs.ucx.mixins.fixtures] clearing 0 delta live table fixtures
16:46 DEBUG [databricks.labs.ucx.mixins.fixtures] clearing 0 job fixtures
16:46 DEBUG [databricks.labs.ucx.mixins.fixtures] clearing 0 notebook fixtures
16:46 DEBUG [databricks.labs.ucx.mixins.fixtures] clearing 1 schema fixtures
16:46 DEBUG [databricks.labs.ucx.mixins.fixtures] removing schema fixture: SchemaInfo(catalog_name='hive_metastore', catalog_type=None, comment=None, created_at=None, created_by=None, effective_predictive_optimization_flag=None, enable_predictive_optimization=None, full_name='hive_metastore.ucx_sf48j', metastore_id=None, name='ucx_sf48j', owner=None, properties=None, storage_location=None, storage_root=None, updated_at=None, updated_by=None)
16:46 DEBUG [databricks.labs.ucx.framework.crawlers] [api][execute] DROP SCHEMA IF EXISTS hive_metastore.ucx_sf48j CASCADE
___________________ test_spn_crawler_with_available_secrets ____________________
[gw4] darwin -- Python 3.10.9 /Users/william.conti/Projects/ucx/.venv/bin/python

args = ('GET', '/api/2.0/clusters/list-node-types')
kwargs = {'body': None, 'data': None, 'files': None, 'headers': {'Accept': 'application/json', 'User-Agent': 'ucx/0.13.2 databricks-sdk-py/0.20.0 python/3.10.9 os/darwin auth/metadata-service'}, ...}
deadline = 1709135168.7766201, attempt = 33
last_err = TemporarilyUnavailable('Request timeout after 8 seconds')
retry_reason = 'throttled by platform', sleep = 1, retry_after_secs = 1

    @functools.wraps(func)
    def wrapper(*args, **kwargs):
        deadline = clock.time() + timeout.total_seconds()
        attempt = 1
        last_err = None
        while clock.time() < deadline:
            try:
>               return func(*args, **kwargs)

../../.venv/lib/python3.10/site-packages/databricks/sdk/retries.py:33: 
_ _ _ _ _ _ _ _ _ _ _ _ _ _ _ _ _ _ _ _ _ _ _ _ _ _ _ _ _ _ _ _ _ _ _ _ _ _ _ _ 

self = <databricks.sdk.core.ApiClient object at 0x103ce7070>, method = 'GET'
path = '/api/2.0/clusters/list-node-types', query = None
headers = {'Accept': 'application/json', 'User-Agent': 'ucx/0.13.2 databricks-sdk-py/0.20.0 python/3.10.9 os/darwin auth/metadata-service'}
body = None, raw = False, files = None, data = None

    def _perform(self,
                 method: str,
                 path: str,
                 query: dict = None,
                 headers: dict = None,
                 body: dict = None,
                 raw: bool = False,
                 files=None,
                 data=None):
        response = self._session.request(method,
                                         f"{self._cfg.host}{path}",
                                         params=self._fix_query_string(query),
                                         json=body,
                                         headers=headers,
                                         files=files,
                                         data=data,
                                         stream=raw,
                                         timeout=self._http_timeout_seconds)
        try:
            self._record_request_log(response, raw=raw or data is not None or files is not None)
            if not response.ok: # internally calls response.raise_for_status()
                # TODO: experiment with traceback pruning for better readability
                # See https://stackoverflow.com/a/58821552/277035
                payload = response.json()
>               raise self._make_nicer_error(response=response, **payload) from None
E               databricks.sdk.errors.platform.TemporarilyUnavailable: Request timeout after 8 seconds

../../.venv/lib/python3.10/site-packages/databricks/sdk/core.py:238: TemporarilyUnavailable

The above exception was the direct cause of the following exception:

ws = WorkspaceClient(host='https://DATABRICKS_HOST', auth_type='metadata-service', ...)
inventory_schema = 'ucx_sbzxk'
make_job = <function factory.<locals>.inner at 0x103ce9cf0>
make_pipeline = <function factory.<locals>.inner at 0x103ce9ea0>
sql_backend = <databricks.labs.ucx.framework.crawlers.StatementExecutionBackend object at 0x103d349d0>
make_secret_scope = <function factory.<locals>.inner at 0x103cea050>

    @retried(on=[NotFound], timeout=timedelta(minutes=5))
    def test_spn_crawler_with_available_secrets(
        ws, inventory_schema, make_job, make_pipeline, sql_backend, make_secret_scope
    ):
        secret_scope = make_secret_scope()
        client_id_secret_key = "spn_client_id"
        client_secret_secret_key = "spn_client_secret"
        tenant_id_secret_key = "spn_tenant_id"
        ws.secrets.put_secret(secret_scope, client_id_secret_key, string_value="New_Application_Id")
        ws.secrets.put_secret(secret_scope, client_secret_secret_key, string_value="secret")
        ws.secrets.put_secret(
            secret_scope,
            tenant_id_secret_key,
            string_value=f"https://login.microsoftonline.com/{_TEST_TENANT_ID}/oauth2/token",
        )
        conf_secret_available = {
            "fs.CLOUD_ENV.account.oauth2.client.id.SA1.dfs.core.windows.net": f"{{{{secrets/{secret_scope}/{client_id_secret_key}}}}}",
            "fs.CLOUD_ENV.account.oauth2.client.secret.SA1.dfs.core.windows.net": f"{{{{secrets/{secret_scope}/{client_secret_secret_key}}}}}",
            "fs.CLOUD_ENV.account.oauth2.client.endpoint.SA1.dfs.core.windows.net": f"{{{{secrets/{secret_scope}/{tenant_id_secret_key}}}}}",
        }
>       make_job()

assessment/test_CLOUD_ENV.py:89: 
_ _ _ _ _ _ _ _ _ _ _ _ _ _ _ _ _ _ _ _ _ _ _ _ _ _ _ _ _ _ _ _ _ _ _ _ _ _ _ _ 
../../src/databricks/labs/ucx/mixins/fixtures.py:55: in inner
    x = create(**kwargs)
../../src/databricks/labs/ucx/mixins/fixtures.py:755: in create
    node_type_id=ws.clusters.select_node_type(local_disk=True),
../../.venv/lib/python3.10/site-packages/databricks/sdk/mixins/compute.py:175: in select_node_type
    res = self.list_node_types()
../../.venv/lib/python3.10/site-packages/databricks/sdk/service/compute.py:6582: in list_node_types
    res = self._api.do('GET', '/api/2.0/clusters/list-node-types', headers=headers)
../../.venv/lib/python3.10/site-packages/databricks/sdk/core.py:130: in do
    response = retryable(self._perform)(method,
_ _ _ _ _ _ _ _ _ _ _ _ _ _ _ _ _ _ _ _ _ _ _ _ _ _ _ _ _ _ _ _ _ _ _ _ _ _ _ _ 

args = ('GET', '/api/2.0/clusters/list-node-types')
kwargs = {'body': None, 'data': None, 'files': None, 'headers': {'Accept': 'application/json', 'User-Agent': 'ucx/0.13.2 databricks-sdk-py/0.20.0 python/3.10.9 os/darwin auth/metadata-service'}, ...}
deadline = 1709135168.7766201, attempt = 33
last_err = TemporarilyUnavailable('Request timeout after 8 seconds')
retry_reason = 'throttled by platform', sleep = 1, retry_after_secs = 1

    @functools.wraps(func)
    def wrapper(*args, **kwargs):
        deadline = clock.time() + timeout.total_seconds()
        attempt = 1
        last_err = None
        while clock.time() < deadline:
            try:
                return func(*args, **kwargs)
            except Exception as err:
                last_err = err
                retry_reason = None
                # sleep 10s max per attempt, unless it's HTTP 429 or 503
                sleep = min(10, attempt)
                retry_after_secs = getattr(err, 'retry_after_secs', None)
                if retry_after_secs is not None:
                    # cannot depend on DatabricksError directly because of circular dependency
                    sleep = retry_after_secs
                    retry_reason = 'throttled by platform'
                elif is_retryable is not None:
                    retry_reason = is_retryable(err)
                elif on is not None:
                    for err_type in on:
                        if not isinstance(err, err_type):
                            continue
                        retry_reason = f'{type(err).__name__} is allowed to retry'
    
                if retry_reason is None:
                    # raise if exception is not retryable
                    raise err
    
                logger.debug(f'Retrying: {retry_reason} (sleeping ~{sleep}s)')
                clock.sleep(sleep + random())
                attempt += 1
>       raise TimeoutError(f'Timed out after {timeout}') from last_err
E       TimeoutError: Timed out after 0:05:00

../../.venv/lib/python3.10/site-packages/databricks/sdk/retries.py:59: TimeoutError
---------------------------- Captured stderr setup -----------------------------
[90m16:40:56[0m [1m[36mDEBUG[0m [90m[d.l.u.framework.crawlers] [api][execute] CREATE SCHEMA hive_metastore.ucx_sbzxk[0m
[90m16:41:07[0m [1m[32m INFO[0m [1m[d.l.u.mixins.fixtures] Schema hive_metastore.ucx_sbzxk: https://DATABRICKS_HOST/explore/data/hive_metastore/ucx_sbzxk[0m
[90m16:41:07[0m [1m[36mDEBUG[0m [90m[d.l.u.mixins.fixtures] added schema fixture: SchemaInfo(catalog_name='hive_metastore', catalog_type=None, comment=None, created_at=None, created_by=None, effective_predictive_optimization_flag=None, enable_predictive_optimization=None, full_name='hive_metastore.ucx_sbzxk', metastore_id=None, name='ucx_sbzxk', owner=None, properties=None, storage_location=None, storage_root=None, updated_at=None, updated_by=None)[0m
------------------------------ Captured log setup ------------------------------
16:40 DEBUG [databricks.labs.ucx.framework.crawlers] [api][execute] CREATE SCHEMA hive_metastore.ucx_sbzxk
16:41 INFO [databricks.labs.ucx.mixins.fixtures] Schema hive_metastore.ucx_sbzxk: https://DATABRICKS_HOST/explore/data/hive_metastore/ucx_sbzxk
16:41 DEBUG [databricks.labs.ucx.mixins.fixtures] added schema fixture: SchemaInfo(catalog_name='hive_metastore', catalog_type=None, comment=None, created_at=None, created_by=None, effective_predictive_optimization_flag=None, enable_predictive_optimization=None, full_name='hive_metastore.ucx_sbzxk', metastore_id=None, name='ucx_sbzxk', owner=None, properties=None, storage_location=None, storage_root=None, updated_at=None, updated_by=None)
----------------------------- Captured stderr call -----------------------------
[90m16:41:08[0m [1m[36mDEBUG[0m [90m[d.l.u.mixins.fixtures] added secret scope fixture: sdk-2LFS[0m
------------------------------ Captured log call -------------------------------
16:41 DEBUG [databricks.labs.ucx.mixins.fixtures] added secret scope fixture: sdk-2LFS
--------------------------- Captured stderr teardown ---------------------------
[90m16:46:18[0m [1m[36mDEBUG[0m [90m[d.l.u.mixins.fixtures] clearing 1 secret scope fixtures[0m
[90m16:46:18[0m [1m[36mDEBUG[0m [90m[d.l.u.mixins.fixtures] removing secret scope fixture: sdk-2LFS[0m
[90m16:46:18[0m [1m[36mDEBUG[0m [90m[d.l.u.mixins.fixtures] clearing 0 delta live table fixtures[0m
[90m16:46:18[0m [1m[36mDEBUG[0m [90m[d.l.u.mixins.fixtures] clearing 0 job fixtures[0m
[90m16:46:18[0m [1m[36mDEBUG[0m [90m[d.l.u.mixins.fixtures] clearing 0 notebook fixtures[0m
[90m16:46:18[0m [1m[36mDEBUG[0m [90m[d.l.u.mixins.fixtures] clearing 1 schema fixtures[0m
[90m16:46:18[0m [1m[36mDEBUG[0m [90m[d.l.u.mixins.fixtures] removing schema fixture: SchemaInfo(catalog_name='hive_metastore', catalog_type=None, comment=None, created_at=None, created_by=None, effective_predictive_optimization_flag=None, enable_predictive_optimization=None, full_name='hive_metastore.ucx_sbzxk', metastore_id=None, name='ucx_sbzxk', owner=None, properties=None, storage_location=None, storage_root=None, updated_at=None, updated_by=None)[0m
[90m16:46:18[0m [1m[36mDEBUG[0m [90m[d.l.u.framework.crawlers] [api][execute] DROP SCHEMA IF EXISTS hive_metastore.ucx_sbzxk CASCADE[0m
---------------------------- Captured log teardown -----------------------------
16:46 DEBUG [databricks.labs.ucx.mixins.fixtures] clearing 1 secret scope fixtures
16:46 DEBUG [databricks.labs.ucx.mixins.fixtures] removing secret scope fixture: sdk-2LFS
16:46 DEBUG [databricks.labs.ucx.mixins.fixtures] clearing 0 delta live table fixtures
16:46 DEBUG [databricks.labs.ucx.mixins.fixtures] clearing 0 job fixtures
16:46 DEBUG [databricks.labs.ucx.mixins.fixtures] clearing 0 notebook fixtures
16:46 DEBUG [databricks.labs.ucx.mixins.fixtures] clearing 1 schema fixtures
16:46 DEBUG [databricks.labs.ucx.mixins.fixtures] removing schema fixture: SchemaInfo(catalog_name='hive_metastore', catalog_type=None, comment=None, created_at=None, created_by=None, effective_predictive_optimization_flag=None, enable_predictive_optimization=None, full_name='hive_metastore.ucx_sbzxk', metastore_id=None, name='ucx_sbzxk', owner=None, properties=None, storage_location=None, storage_root=None, updated_at=None, updated_by=None)
16:46 DEBUG [databricks.labs.ucx.framework.crawlers] [api][execute] DROP SCHEMA IF EXISTS hive_metastore.ucx_sbzxk CASCADE
___________________________________ test_job ___________________________________
[gw9] darwin -- Python 3.10.9 /Users/william.conti/Projects/ucx/.venv/bin/python

args = ('GET', '/api/2.0/clusters/list-node-types')
kwargs = {'body': None, 'data': None, 'files': None, 'headers': {'Accept': 'application/json', 'User-Agent': 'None/None databricks-sdk-py/0.20.0 python/3.10.9 os/darwin auth/metadata-service'}, ...}
deadline = 1709135173.152318, attempt = 33
last_err = TemporarilyUnavailable('Request timeout after 8 seconds')
retry_reason = 'throttled by platform', sleep = 1, retry_after_secs = 1

    @functools.wraps(func)
    def wrapper(*args, **kwargs):
        deadline = clock.time() + timeout.total_seconds()
        attempt = 1
        last_err = None
        while clock.time() < deadline:
            try:
>               return func(*args, **kwargs)

../../.venv/lib/python3.10/site-packages/databricks/sdk/retries.py:33: 
_ _ _ _ _ _ _ _ _ _ _ _ _ _ _ _ _ _ _ _ _ _ _ _ _ _ _ _ _ _ _ _ _ _ _ _ _ _ _ _ 

self = <databricks.sdk.core.ApiClient object at 0x11107d1b0>, method = 'GET'
path = '/api/2.0/clusters/list-node-types', query = None
headers = {'Accept': 'application/json', 'User-Agent': 'None/None databricks-sdk-py/0.20.0 python/3.10.9 os/darwin auth/metadata-service'}
body = None, raw = False, files = None, data = None

    def _perform(self,
                 method: str,
                 path: str,
                 query: dict = None,
                 headers: dict = None,
                 body: dict = None,
                 raw: bool = False,
                 files=None,
                 data=None):
        response = self._session.request(method,
                                         f"{self._cfg.host}{path}",
                                         params=self._fix_query_string(query),
                                         json=body,
                                         headers=headers,
                                         files=files,
                                         data=data,
                                         stream=raw,
                                         timeout=self._http_timeout_seconds)
        try:
            self._record_request_log(response, raw=raw or data is not None or files is not None)
            if not response.ok: # internally calls response.raise_for_status()
                # TODO: experiment with traceback pruning for better readability
                # See https://stackoverflow.com/a/58821552/277035
                payload = response.json()
>               raise self._make_nicer_error(response=response, **payload) from None
E               databricks.sdk.errors.platform.TemporarilyUnavailable: Request timeout after 8 seconds

../../.venv/lib/python3.10/site-packages/databricks/sdk/core.py:238: TemporarilyUnavailable

The above exception was the direct cause of the following exception:

make_job = <function factory.<locals>.inner at 0x110ede440>

    def test_job(make_job):
>       logger.info(f"created {make_job()}")

framework/test_fixtures.py:72: 
_ _ _ _ _ _ _ _ _ _ _ _ _ _ _ _ _ _ _ _ _ _ _ _ _ _ _ _ _ _ _ _ _ _ _ _ _ _ _ _ 
../../src/databricks/labs/ucx/mixins/fixtures.py:55: in inner
    x = create(**kwargs)
../../src/databricks/labs/ucx/mixins/fixtures.py:755: in create
    node_type_id=ws.clusters.select_node_type(local_disk=True),
../../.venv/lib/python3.10/site-packages/databricks/sdk/mixins/compute.py:175: in select_node_type
    res = self.list_node_types()
../../.venv/lib/python3.10/site-packages/databricks/sdk/service/compute.py:6582: in list_node_types
    res = self._api.do('GET', '/api/2.0/clusters/list-node-types', headers=headers)
../../.venv/lib/python3.10/site-packages/databricks/sdk/core.py:130: in do
    response = retryable(self._perform)(method,
_ _ _ _ _ _ _ _ _ _ _ _ _ _ _ _ _ _ _ _ _ _ _ _ _ _ _ _ _ _ _ _ _ _ _ _ _ _ _ _ 

args = ('GET', '/api/2.0/clusters/list-node-types')
kwargs = {'body': None, 'data': None, 'files': None, 'headers': {'Accept': 'application/json', 'User-Agent': 'None/None databricks-sdk-py/0.20.0 python/3.10.9 os/darwin auth/metadata-service'}, ...}
deadline = 1709135173.152318, attempt = 33
last_err = TemporarilyUnavailable('Request timeout after 8 seconds')
retry_reason = 'throttled by platform', sleep = 1, retry_after_secs = 1

    @functools.wraps(func)
    def wrapper(*args, **kwargs):
        deadline = clock.time() + timeout.total_seconds()
        attempt = 1
        last_err = None
        while clock.time() < deadline:
            try:
                return func(*args, **kwargs)
            except Exception as err:
                last_err = err
                retry_reason = None
                # sleep 10s max per attempt, unless it's HTTP 429 or 503
                sleep = min(10, attempt)
                retry_after_secs = getattr(err, 'retry_after_secs', None)
                if retry_after_secs is not None:
                    # cannot depend on DatabricksError directly because of circular dependency
                    sleep = retry_after_secs
                    retry_reason = 'throttled by platform'
                elif is_retryable is not None:
                    retry_reason = is_retryable(err)
                elif on is not None:
                    for err_type in on:
                        if not isinstance(err, err_type):
                            continue
                        retry_reason = f'{type(err).__name__} is allowed to retry'
    
                if retry_reason is None:
                    # raise if exception is not retryable
                    raise err
    
                logger.debug(f'Retrying: {retry_reason} (sleeping ~{sleep}s)')
                clock.sleep(sleep + random())
                attempt += 1
>       raise TimeoutError(f'Timed out after {timeout}') from last_err
E       TimeoutError: Timed out after 0:05:00

../../.venv/lib/python3.10/site-packages/databricks/sdk/retries.py:59: TimeoutError
--------------------------- Captured stderr teardown ---------------------------
[90m16:46:22[0m [1m[36mDEBUG[0m [90m[d.l.u.mixins.fixtures] clearing 0 job fixtures[0m
[90m16:46:22[0m [1m[36mDEBUG[0m [90m[d.l.u.mixins.fixtures] clearing 0 notebook fixtures[0m
---------------------------- Captured log teardown -----------------------------
16:46 DEBUG [databricks.labs.ucx.mixins.fixtures] clearing 0 job fixtures
16:46 DEBUG [databricks.labs.ucx.mixins.fixtures] clearing 0 notebook fixtures
______________________ test_cluster_crawler_no_isolation _______________________
[gw5] darwin -- Python 3.10.9 /Users/william.conti/Projects/ucx/.venv/bin/python

args = ('GET', '/api/2.0/clusters/list-node-types')
kwargs = {'body': None, 'data': None, 'files': None, 'headers': {'Accept': 'application/json', 'User-Agent': 'ucx/0.13.2 databricks-sdk-py/0.20.0 python/3.10.9 os/darwin auth/metadata-service'}, ...}
deadline = 1709135189.794497, attempt = 33
last_err = TemporarilyUnavailable('Request timeout after 8 seconds')
retry_reason = 'throttled by platform', sleep = 1, retry_after_secs = 1

    @functools.wraps(func)
    def wrapper(*args, **kwargs):
        deadline = clock.time() + timeout.total_seconds()
        attempt = 1
        last_err = None
        while clock.time() < deadline:
            try:
>               return func(*args, **kwargs)

../../.venv/lib/python3.10/site-packages/databricks/sdk/retries.py:33: 
_ _ _ _ _ _ _ _ _ _ _ _ _ _ _ _ _ _ _ _ _ _ _ _ _ _ _ _ _ _ _ _ _ _ _ _ _ _ _ _ 

self = <databricks.sdk.core.ApiClient object at 0x107056b30>, method = 'GET'
path = '/api/2.0/clusters/list-node-types', query = None
headers = {'Accept': 'application/json', 'User-Agent': 'ucx/0.13.2 databricks-sdk-py/0.20.0 python/3.10.9 os/darwin auth/metadata-service'}
body = None, raw = False, files = None, data = None

    def _perform(self,
                 method: str,
                 path: str,
                 query: dict = None,
                 headers: dict = None,
                 body: dict = None,
                 raw: bool = False,
                 files=None,
                 data=None):
        response = self._session.request(method,
                                         f"{self._cfg.host}{path}",
                                         params=self._fix_query_string(query),
                                         json=body,
                                         headers=headers,
                                         files=files,
                                         data=data,
                                         stream=raw,
                                         timeout=self._http_timeout_seconds)
        try:
            self._record_request_log(response, raw=raw or data is not None or files is not None)
            if not response.ok: # internally calls response.raise_for_status()
                # TODO: experiment with traceback pruning for better readability
                # See https://stackoverflow.com/a/58821552/277035
                payload = response.json()
>               raise self._make_nicer_error(response=response, **payload) from None
E               databricks.sdk.errors.platform.TemporarilyUnavailable: Request timeout after 8 seconds

../../.venv/lib/python3.10/site-packages/databricks/sdk/core.py:238: TemporarilyUnavailable

The above exception was the direct cause of the following exception:

ws = WorkspaceClient(host='https://DATABRICKS_HOST', auth_type='metadata-service', ...)
make_cluster = <function factory.<locals>.inner at 0x107059900>
inventory_schema = 'ucx_sy6ac'
sql_backend = <databricks.labs.ucx.framework.crawlers.StatementExecutionBackend object at 0x1070a4820>

    def test_cluster_crawler_no_isolation(ws, make_cluster, inventory_schema, sql_backend):
>       created_cluster = make_cluster(data_security_mode=DataSecurityMode.NONE, num_workers=1)

assessment/test_clusters.py:29: 
_ _ _ _ _ _ _ _ _ _ _ _ _ _ _ _ _ _ _ _ _ _ _ _ _ _ _ _ _ _ _ _ _ _ _ _ _ _ _ _ 
../../src/databricks/labs/ucx/mixins/fixtures.py:55: in inner
    x = create(**kwargs)
../../src/databricks/labs/ucx/mixins/fixtures.py:676: in create
    kwargs["node_type_id"] = ws.clusters.select_node_type(local_disk=True)
../../.venv/lib/python3.10/site-packages/databricks/sdk/mixins/compute.py:175: in select_node_type
    res = self.list_node_types()
../../.venv/lib/python3.10/site-packages/databricks/sdk/service/compute.py:6582: in list_node_types
    res = self._api.do('GET', '/api/2.0/clusters/list-node-types', headers=headers)
../../.venv/lib/python3.10/site-packages/databricks/sdk/core.py:130: in do
    response = retryable(self._perform)(method,
_ _ _ _ _ _ _ _ _ _ _ _ _ _ _ _ _ _ _ _ _ _ _ _ _ _ _ _ _ _ _ _ _ _ _ _ _ _ _ _ 

args = ('GET', '/api/2.0/clusters/list-node-types')
kwargs = {'body': None, 'data': None, 'files': None, 'headers': {'Accept': 'application/json', 'User-Agent': 'ucx/0.13.2 databricks-sdk-py/0.20.0 python/3.10.9 os/darwin auth/metadata-service'}, ...}
deadline = 1709135189.794497, attempt = 33
last_err = TemporarilyUnavailable('Request timeout after 8 seconds')
retry_reason = 'throttled by platform', sleep = 1, retry_after_secs = 1

    @functools.wraps(func)
    def wrapper(*args, **kwargs):
        deadline = clock.time() + timeout.total_seconds()
        attempt = 1
        last_err = None
        while clock.time() < deadline:
            try:
                return func(*args, **kwargs)
            except Exception as err:
                last_err = err
                retry_reason = None
                # sleep 10s max per attempt, unless it's HTTP 429 or 503
                sleep = min(10, attempt)
                retry_after_secs = getattr(err, 'retry_after_secs', None)
                if retry_after_secs is not None:
                    # cannot depend on DatabricksError directly because of circular dependency
                    sleep = retry_after_secs
                    retry_reason = 'throttled by platform'
                elif is_retryable is not None:
                    retry_reason = is_retryable(err)
                elif on is not None:
                    for err_type in on:
                        if not isinstance(err, err_type):
                            continue
                        retry_reason = f'{type(err).__name__} is allowed to retry'
    
                if retry_reason is None:
                    # raise if exception is not retryable
                    raise err
    
                logger.debug(f'Retrying: {retry_reason} (sleeping ~{sleep}s)')
                clock.sleep(sleep + random())
                attempt += 1
>       raise TimeoutError(f'Timed out after {timeout}') from last_err
E       TimeoutError: Timed out after 0:05:00

../../.venv/lib/python3.10/site-packages/databricks/sdk/retries.py:59: TimeoutError
---------------------------- Captured stderr setup -----------------------------
[90m16:40:56[0m [1m[36mDEBUG[0m [90m[d.l.u.framework.crawlers] [api][execute] CREATE SCHEMA hive_metastore.ucx_sy6ac[0m
[90m16:40:58[0m [1m[32m INFO[0m [1m[d.l.u.mixins.fixtures] Schema hive_metastore.ucx_sy6ac: https://DATABRICKS_HOST/explore/data/hive_metastore/ucx_sy6ac[0m
[90m16:40:58[0m [1m[36mDEBUG[0m [90m[d.l.u.mixins.fixtures] added schema fixture: SchemaInfo(catalog_name='hive_metastore', catalog_type=None, comment=None, created_at=None, created_by=None, effective_predictive_optimization_flag=None, enable_predictive_optimization=None, full_name='hive_metastore.ucx_sy6ac', metastore_id=None, name='ucx_sy6ac', owner=None, properties=None, storage_location=None, storage_root=None, updated_at=None, updated_by=None)[0m
------------------------------ Captured log setup ------------------------------
16:40 DEBUG [databricks.labs.ucx.framework.crawlers] [api][execute] CREATE SCHEMA hive_metastore.ucx_sy6ac
16:40 INFO [databricks.labs.ucx.mixins.fixtures] Schema hive_metastore.ucx_sy6ac: https://DATABRICKS_HOST/explore/data/hive_metastore/ucx_sy6ac
16:40 DEBUG [databricks.labs.ucx.mixins.fixtures] added schema fixture: SchemaInfo(catalog_name='hive_metastore', catalog_type=None, comment=None, created_at=None, created_by=None, effective_predictive_optimization_flag=None, enable_predictive_optimization=None, full_name='hive_metastore.ucx_sy6ac', metastore_id=None, name='ucx_sy6ac', owner=None, properties=None, storage_location=None, storage_root=None, updated_at=None, updated_by=None)
--------------------------- Captured stderr teardown ---------------------------
[90m16:46:36[0m [1m[36mDEBUG[0m [90m[d.l.u.mixins.fixtures] clearing 1 schema fixtures[0m
[90m16:46:36[0m [1m[36mDEBUG[0m [90m[d.l.u.mixins.fixtures] removing schema fixture: SchemaInfo(catalog_name='hive_metastore', catalog_type=None, comment=None, created_at=None, created_by=None, effective_predictive_optimization_flag=None, enable_predictive_optimization=None, full_name='hive_metastore.ucx_sy6ac', metastore_id=None, name='ucx_sy6ac', owner=None, properties=None, storage_location=None, storage_root=None, updated_at=None, updated_by=None)[0m
[90m16:46:36[0m [1m[36mDEBUG[0m [90m[d.l.u.framework.crawlers] [api][execute] DROP SCHEMA IF EXISTS hive_metastore.ucx_sy6ac CASCADE[0m
[90m16:46:37[0m [1m[36mDEBUG[0m [90m[d.l.u.mixins.fixtures] clearing 0 cluster fixtures[0m
---------------------------- Captured log teardown -----------------------------
16:46 DEBUG [databricks.labs.ucx.mixins.fixtures] clearing 1 schema fixtures
16:46 DEBUG [databricks.labs.ucx.mixins.fixtures] removing schema fixture: SchemaInfo(catalog_name='hive_metastore', catalog_type=None, comment=None, created_at=None, created_by=None, effective_predictive_optimization_flag=None, enable_predictive_optimization=None, full_name='hive_metastore.ucx_sy6ac', metastore_id=None, name='ucx_sy6ac', owner=None, properties=None, storage_location=None, storage_root=None, updated_at=None, updated_by=None)
16:46 DEBUG [databricks.labs.ucx.framework.crawlers] [api][execute] DROP SCHEMA IF EXISTS hive_metastore.ucx_sy6ac CASCADE
16:46 DEBUG [databricks.labs.ucx.mixins.fixtures] clearing 0 cluster fixtures
___________________ test_spn_crawler_deleted_cluster_policy ____________________
[gw3] darwin -- Python 3.10.9 /Users/william.conti/Projects/ucx/.venv/bin/python

args = ('GET', '/api/2.0/clusters/list-node-types')
kwargs = {'body': None, 'data': None, 'files': None, 'headers': {'Accept': 'application/json', 'User-Agent': 'ucx/0.13.2 databricks-sdk-py/0.20.0 python/3.10.9 os/darwin auth/metadata-service'}, ...}
deadline = 1709135190.6064498, attempt = 33
last_err = TemporarilyUnavailable('Request timeout after 8 seconds')
retry_reason = 'throttled by platform', sleep = 1, retry_after_secs = 1

    @functools.wraps(func)
    def wrapper(*args, **kwargs):
        deadline = clock.time() + timeout.total_seconds()
        attempt = 1
        last_err = None
        while clock.time() < deadline:
            try:
>               return func(*args, **kwargs)

../../.venv/lib/python3.10/site-packages/databricks/sdk/retries.py:33: 
_ _ _ _ _ _ _ _ _ _ _ _ _ _ _ _ _ _ _ _ _ _ _ _ _ _ _ _ _ _ _ _ _ _ _ _ _ _ _ _ 

self = <databricks.sdk.core.ApiClient object at 0x1054f6c80>, method = 'GET'
path = '/api/2.0/clusters/list-node-types', query = None
headers = {'Accept': 'application/json', 'User-Agent': 'ucx/0.13.2 databricks-sdk-py/0.20.0 python/3.10.9 os/darwin auth/metadata-service'}
body = None, raw = False, files = None, data = None

    def _perform(self,
                 method: str,
                 path: str,
                 query: dict = None,
                 headers: dict = None,
                 body: dict = None,
                 raw: bool = False,
                 files=None,
                 data=None):
        response = self._session.request(method,
                                         f"{self._cfg.host}{path}",
                                         params=self._fix_query_string(query),
                                         json=body,
                                         headers=headers,
                                         files=files,
                                         data=data,
                                         stream=raw,
                                         timeout=self._http_timeout_seconds)
        try:
            self._record_request_log(response, raw=raw or data is not None or files is not None)
            if not response.ok: # internally calls response.raise_for_status()
                # TODO: experiment with traceback pruning for better readability
                # See https://stackoverflow.com/a/58821552/277035
                payload = response.json()
>               raise self._make_nicer_error(response=response, **payload) from None
E               databricks.sdk.errors.platform.TemporarilyUnavailable: Request timeout after 8 seconds

../../.venv/lib/python3.10/site-packages/databricks/sdk/core.py:238: TemporarilyUnavailable

The above exception was the direct cause of the following exception:

ws = WorkspaceClient(host='https://DATABRICKS_HOST', auth_type='metadata-service', ...)
inventory_schema = 'ucx_szqjw'
sql_backend = <databricks.labs.ucx.framework.crawlers.StatementExecutionBackend object at 0x1055448e0>
make_job = <function factory.<locals>.inner at 0x1054f9d80>
make_cluster = <function factory.<locals>.inner at 0x1054f9f30>
make_cluster_policy = <function factory.<locals>.inner at 0x1054fa0e0>
make_random = <function make_random.<locals>.inner at 0x1054f9870>
make_notebook = <function factory.<locals>.inner at 0x1054f9bd0>

    @retried(on=[NotFound], timeout=timedelta(minutes=5))
    def test_spn_crawler_deleted_cluster_policy(
        ws,
        inventory_schema,
        sql_backend,
        make_job,
        make_cluster,
        make_cluster_policy,
        make_random,
        make_notebook,
    ):
        cluster_policy_id = make_cluster_policy().policy_id
>       make_cluster(single_node=True, spark_conf=_SPARK_CONF, policy_id=cluster_policy_id)

assessment/test_CLOUD_ENV.py:49: 
_ _ _ _ _ _ _ _ _ _ _ _ _ _ _ _ _ _ _ _ _ _ _ _ _ _ _ _ _ _ _ _ _ _ _ _ _ _ _ _ 
../../src/databricks/labs/ucx/mixins/fixtures.py:55: in inner
    x = create(**kwargs)
../../src/databricks/labs/ucx/mixins/fixtures.py:676: in create
    kwargs["node_type_id"] = ws.clusters.select_node_type(local_disk=True)
../../.venv/lib/python3.10/site-packages/databricks/sdk/mixins/compute.py:175: in select_node_type
    res = self.list_node_types()
../../.venv/lib/python3.10/site-packages/databricks/sdk/service/compute.py:6582: in list_node_types
    res = self._api.do('GET', '/api/2.0/clusters/list-node-types', headers=headers)
../../.venv/lib/python3.10/site-packages/databricks/sdk/core.py:130: in do
    response = retryable(self._perform)(method,
_ _ _ _ _ _ _ _ _ _ _ _ _ _ _ _ _ _ _ _ _ _ _ _ _ _ _ _ _ _ _ _ _ _ _ _ _ _ _ _ 

args = ('GET', '/api/2.0/clusters/list-node-types')
kwargs = {'body': None, 'data': None, 'files': None, 'headers': {'Accept': 'application/json', 'User-Agent': 'ucx/0.13.2 databricks-sdk-py/0.20.0 python/3.10.9 os/darwin auth/metadata-service'}, ...}
deadline = 1709135190.6064498, attempt = 33
last_err = TemporarilyUnavailable('Request timeout after 8 seconds')
retry_reason = 'throttled by platform', sleep = 1, retry_after_secs = 1

    @functools.wraps(func)
    def wrapper(*args, **kwargs):
        deadline = clock.time() + timeout.total_seconds()
        attempt = 1
        last_err = None
        while clock.time() < deadline:
            try:
                return func(*args, **kwargs)
            except Exception as err:
                last_err = err
                retry_reason = None
                # sleep 10s max per attempt, unless it's HTTP 429 or 503
                sleep = min(10, attempt)
                retry_after_secs = getattr(err, 'retry_after_secs', None)
                if retry_after_secs is not None:
                    # cannot depend on DatabricksError directly because of circular dependency
                    sleep = retry_after_secs
                    retry_reason = 'throttled by platform'
                elif is_retryable is not None:
                    retry_reason = is_retryable(err)
                elif on is not None:
                    for err_type in on:
                        if not isinstance(err, err_type):
                            continue
                        retry_reason = f'{type(err).__name__} is allowed to retry'
    
                if retry_reason is None:
                    # raise if exception is not retryable
                    raise err
    
                logger.debug(f'Retrying: {retry_reason} (sleeping ~{sleep}s)')
                clock.sleep(sleep + random())
                attempt += 1
>       raise TimeoutError(f'Timed out after {timeout}') from last_err
E       TimeoutError: Timed out after 0:05:00

../../.venv/lib/python3.10/site-packages/databricks/sdk/retries.py:59: TimeoutError
---------------------------- Captured stderr setup -----------------------------
[90m16:40:56[0m [1m[36mDEBUG[0m [90m[d.l.u.framework.crawlers] [api][execute] CREATE SCHEMA hive_metastore.ucx_szqjw[0m
[90m16:40:58[0m [1m[32m INFO[0m [1m[d.l.u.mixins.fixtures] Schema hive_metastore.ucx_szqjw: https://DATABRICKS_HOST/explore/data/hive_metastore/ucx_szqjw[0m
[90m16:40:58[0m [1m[36mDEBUG[0m [90m[d.l.u.mixins.fixtures] added schema fixture: SchemaInfo(catalog_name='hive_metastore', catalog_type=None, comment=None, created_at=None, created_by=None, effective_predictive_optimization_flag=None, enable_predictive_optimization=None, full_name='hive_metastore.ucx_szqjw', metastore_id=None, name='ucx_szqjw', owner=None, properties=None, storage_location=None, storage_root=None, updated_at=None, updated_by=None)[0m
------------------------------ Captured log setup ------------------------------
16:40 DEBUG [databricks.labs.ucx.framework.crawlers] [api][execute] CREATE SCHEMA hive_metastore.ucx_szqjw
16:40 INFO [databricks.labs.ucx.mixins.fixtures] Schema hive_metastore.ucx_szqjw: https://DATABRICKS_HOST/explore/data/hive_metastore/ucx_szqjw
16:40 DEBUG [databricks.labs.ucx.mixins.fixtures] added schema fixture: SchemaInfo(catalog_name='hive_metastore', catalog_type=None, comment=None, created_at=None, created_by=None, effective_predictive_optimization_flag=None, enable_predictive_optimization=None, full_name='hive_metastore.ucx_szqjw', metastore_id=None, name='ucx_szqjw', owner=None, properties=None, storage_location=None, storage_root=None, updated_at=None, updated_by=None)
----------------------------- Captured stderr call -----------------------------
[90m16:40:58[0m [1m[32m INFO[0m [1m[d.l.u.mixins.fixtures] Cluster policy: https://DATABRICKS_HOST#setting/clusters/cluster-policies/view/000AF8E53C989EDE[0m
[90m16:40:58[0m [1m[36mDEBUG[0m [90m[d.l.u.mixins.fixtures] added cluster policy fixture: CreatePolicyResponse(policy_id='000AF8E53C989EDE')[0m
------------------------------ Captured log call -------------------------------
16:40 INFO [databricks.labs.ucx.mixins.fixtures] Cluster policy: https://DATABRICKS_HOST#setting/clusters/cluster-policies/view/000AF8E53C989EDE
16:40 DEBUG [databricks.labs.ucx.mixins.fixtures] added cluster policy fixture: CreatePolicyResponse(policy_id='000AF8E53C989EDE')
--------------------------- Captured stderr teardown ---------------------------
[90m16:46:39[0m [1m[36mDEBUG[0m [90m[d.l.u.mixins.fixtures] clearing 1 cluster policy fixtures[0m
[90m16:46:39[0m [1m[36mDEBUG[0m [90m[d.l.u.mixins.fixtures] removing cluster policy fixture: CreatePolicyResponse(policy_id='000AF8E53C989EDE')[0m
[90m16:46:39[0m [1m[36mDEBUG[0m [90m[d.l.u.mixins.fixtures] clearing 0 cluster fixtures[0m
[90m16:46:39[0m [1m[36mDEBUG[0m [90m[d.l.u.mixins.fixtures] clearing 0 job fixtures[0m
[90m16:46:39[0m [1m[36mDEBUG[0m [90m[d.l.u.mixins.fixtures] clearing 0 notebook fixtures[0m
[90m16:46:39[0m [1m[36mDEBUG[0m [90m[d.l.u.mixins.fixtures] clearing 1 schema fixtures[0m
[90m16:46:39[0m [1m[36mDEBUG[0m [90m[d.l.u.mixins.fixtures] removing schema fixture: SchemaInfo(catalog_name='hive_metastore', catalog_type=None, comment=None, created_at=None, created_by=None, effective_predictive_optimization_flag=None, enable_predictive_optimization=None, full_name='hive_metastore.ucx_szqjw', metastore_id=None, name='ucx_szqjw', owner=None, properties=None, storage_location=None, storage_root=None, updated_at=None, updated_by=None)[0m
[90m16:46:39[0m [1m[36mDEBUG[0m [90m[d.l.u.framework.crawlers] [api][execute] DROP SCHEMA IF EXISTS hive_metastore.ucx_szqjw CASCADE[0m
---------------------------- Captured log teardown -----------------------------
16:46 DEBUG [databricks.labs.ucx.mixins.fixtures] clearing 1 cluster policy fixtures
16:46 DEBUG [databricks.labs.ucx.mixins.fixtures] removing cluster policy fixture: CreatePolicyResponse(policy_id='000AF8E53C989EDE')
16:46 DEBUG [databricks.labs.ucx.mixins.fixtures] clearing 0 cluster fixtures
16:46 DEBUG [databricks.labs.ucx.mixins.fixtures] clearing 0 job fixtures
16:46 DEBUG [databricks.labs.ucx.mixins.fixtures] clearing 0 notebook fixtures
16:46 DEBUG [databricks.labs.ucx.mixins.fixtures] clearing 1 schema fixtures
16:46 DEBUG [databricks.labs.ucx.mixins.fixtures] removing schema fixture: SchemaInfo(catalog_name='hive_metastore', catalog_type=None, comment=None, created_at=None, created_by=None, effective_predictive_optimization_flag=None, enable_predictive_optimization=None, full_name='hive_metastore.ucx_szqjw', metastore_id=None, name='ucx_szqjw', owner=None, properties=None, storage_location=None, storage_root=None, updated_at=None, updated_by=None)
16:46 DEBUG [databricks.labs.ucx.framework.crawlers] [api][execute] DROP SCHEMA IF EXISTS hive_metastore.ucx_szqjw CASCADE
______________________________ test_instance_pool ______________________________
[gw1] darwin -- Python 3.10.9 /Users/william.conti/Projects/ucx/.venv/bin/python

args = ('GET', '/api/2.0/clusters/list-node-types')
kwargs = {'body': None, 'data': None, 'files': None, 'headers': {'Accept': 'application/json', 'User-Agent': 'None/None databricks-sdk-py/0.20.0 python/3.10.9 os/darwin auth/metadata-service'}, ...}
deadline = 1709135201.591984, attempt = 33
last_err = TemporarilyUnavailable('Request timeout after 8 seconds')
retry_reason = 'throttled by platform', sleep = 1, retry_after_secs = 1

    @functools.wraps(func)
    def wrapper(*args, **kwargs):
        deadline = clock.time() + timeout.total_seconds()
        attempt = 1
        last_err = None
        while clock.time() < deadline:
            try:
>               return func(*args, **kwargs)

../../.venv/lib/python3.10/site-packages/databricks/sdk/retries.py:33: 
_ _ _ _ _ _ _ _ _ _ _ _ _ _ _ _ _ _ _ _ _ _ _ _ _ _ _ _ _ _ _ _ _ _ _ _ _ _ _ _ 

self = <databricks.sdk.core.ApiClient object at 0x10970d7e0>, method = 'GET'
path = '/api/2.0/clusters/list-node-types', query = None
headers = {'Accept': 'application/json', 'User-Agent': 'None/None databricks-sdk-py/0.20.0 python/3.10.9 os/darwin auth/metadata-service'}
body = None, raw = False, files = None, data = None

    def _perform(self,
                 method: str,
                 path: str,
                 query: dict = None,
                 headers: dict = None,
                 body: dict = None,
                 raw: bool = False,
                 files=None,
                 data=None):
        response = self._session.request(method,
                                         f"{self._cfg.host}{path}",
                                         params=self._fix_query_string(query),
                                         json=body,
                                         headers=headers,
                                         files=files,
                                         data=data,
                                         stream=raw,
                                         timeout=self._http_timeout_seconds)
        try:
            self._record_request_log(response, raw=raw or data is not None or files is not None)
            if not response.ok: # internally calls response.raise_for_status()
                # TODO: experiment with traceback pruning for better readability
                # See https://stackoverflow.com/a/58821552/277035
                payload = response.json()
>               raise self._make_nicer_error(response=response, **payload) from None
E               databricks.sdk.errors.platform.TemporarilyUnavailable: Request timeout after 8 seconds

../../.venv/lib/python3.10/site-packages/databricks/sdk/core.py:238: TemporarilyUnavailable

The above exception was the direct cause of the following exception:

make_instance_pool = <function factory.<locals>.inner at 0x109831ea0>

    def test_instance_pool(make_instance_pool):
>       logger.info(f"created {make_instance_pool()}")

framework/test_fixtures.py:68: 
_ _ _ _ _ _ _ _ _ _ _ _ _ _ _ _ _ _ _ _ _ _ _ _ _ _ _ _ _ _ _ _ _ _ _ _ _ _ _ _ 
../../src/databricks/labs/ucx/mixins/fixtures.py:55: in inner
    x = create(**kwargs)
../../src/databricks/labs/ucx/mixins/fixtures.py:717: in create
    node_type_id = ws.clusters.select_node_type(local_disk=True)
../../.venv/lib/python3.10/site-packages/databricks/sdk/mixins/compute.py:175: in select_node_type
    res = self.list_node_types()
../../.venv/lib/python3.10/site-packages/databricks/sdk/service/compute.py:6582: in list_node_types
    res = self._api.do('GET', '/api/2.0/clusters/list-node-types', headers=headers)
../../.venv/lib/python3.10/site-packages/databricks/sdk/core.py:130: in do
    response = retryable(self._perform)(method,
_ _ _ _ _ _ _ _ _ _ _ _ _ _ _ _ _ _ _ _ _ _ _ _ _ _ _ _ _ _ _ _ _ _ _ _ _ _ _ _ 

args = ('GET', '/api/2.0/clusters/list-node-types')
kwargs = {'body': None, 'data': None, 'files': None, 'headers': {'Accept': 'application/json', 'User-Agent': 'None/None databricks-sdk-py/0.20.0 python/3.10.9 os/darwin auth/metadata-service'}, ...}
deadline = 1709135201.591984, attempt = 33
last_err = TemporarilyUnavailable('Request timeout after 8 seconds')
retry_reason = 'throttled by platform', sleep = 1, retry_after_secs = 1

    @functools.wraps(func)
    def wrapper(*args, **kwargs):
        deadline = clock.time() + timeout.total_seconds()
        attempt = 1
        last_err = None
        while clock.time() < deadline:
            try:
                return func(*args, **kwargs)
            except Exception as err:
                last_err = err
                retry_reason = None
                # sleep 10s max per attempt, unless it's HTTP 429 or 503
                sleep = min(10, attempt)
                retry_after_secs = getattr(err, 'retry_after_secs', None)
                if retry_after_secs is not None:
                    # cannot depend on DatabricksError directly because of circular dependency
                    sleep = retry_after_secs
                    retry_reason = 'throttled by platform'
                elif is_retryable is not None:
                    retry_reason = is_retryable(err)
                elif on is not None:
                    for err_type in on:
                        if not isinstance(err, err_type):
                            continue
                        retry_reason = f'{type(err).__name__} is allowed to retry'
    
                if retry_reason is None:
                    # raise if exception is not retryable
                    raise err
    
                logger.debug(f'Retrying: {retry_reason} (sleeping ~{sleep}s)')
                clock.sleep(sleep + random())
                attempt += 1
>       raise TimeoutError(f'Timed out after {timeout}') from last_err
E       TimeoutError: Timed out after 0:05:00

../../.venv/lib/python3.10/site-packages/databricks/sdk/retries.py:59: TimeoutError
--------------------------- Captured stderr teardown ---------------------------
[90m16:46:50[0m [1m[36mDEBUG[0m [90m[d.l.u.mixins.fixtures] clearing 0 instance pool fixtures[0m
---------------------------- Captured log teardown -----------------------------
16:46 DEBUG [databricks.labs.ucx.mixins.fixtures] clearing 0 instance pool fixtures
__________________________ test_spn_crawler_no_config __________________________
[gw2] darwin -- Python 3.10.9 /Users/william.conti/Projects/ucx/.venv/bin/python

args = ('GET', '/api/2.0/clusters/list-node-types')
kwargs = {'body': None, 'data': None, 'files': None, 'headers': {'Accept': 'application/json', 'User-Agent': 'ucx/0.13.2 databricks-sdk-py/0.20.0 python/3.10.9 os/darwin auth/metadata-service'}, ...}
deadline = 1709135467.878012, attempt = 32
last_err = TemporarilyUnavailable('Request timeout after 8 seconds')
retry_reason = 'throttled by platform', sleep = 1, retry_after_secs = 1

    @functools.wraps(func)
    def wrapper(*args, **kwargs):
        deadline = clock.time() + timeout.total_seconds()
        attempt = 1
        last_err = None
        while clock.time() < deadline:
            try:
>               return func(*args, **kwargs)

../../.venv/lib/python3.10/site-packages/databricks/sdk/retries.py:33: 
_ _ _ _ _ _ _ _ _ _ _ _ _ _ _ _ _ _ _ _ _ _ _ _ _ _ _ _ _ _ _ _ _ _ _ _ _ _ _ _ 

self = <databricks.sdk.core.ApiClient object at 0x110279d50>, method = 'GET'
path = '/api/2.0/clusters/list-node-types', query = None
headers = {'Accept': 'application/json', 'User-Agent': 'ucx/0.13.2 databricks-sdk-py/0.20.0 python/3.10.9 os/darwin auth/metadata-service'}
body = None, raw = False, files = None, data = None

    def _perform(self,
                 method: str,
                 path: str,
                 query: dict = None,
                 headers: dict = None,
                 body: dict = None,
                 raw: bool = False,
                 files=None,
                 data=None):
        response = self._session.request(method,
                                         f"{self._cfg.host}{path}",
                                         params=self._fix_query_string(query),
                                         json=body,
                                         headers=headers,
                                         files=files,
                                         data=data,
                                         stream=raw,
                                         timeout=self._http_timeout_seconds)
        try:
            self._record_request_log(response, raw=raw or data is not None or files is not None)
            if not response.ok: # internally calls response.raise_for_status()
                # TODO: experiment with traceback pruning for better readability
                # See https://stackoverflow.com/a/58821552/277035
                payload = response.json()
>               raise self._make_nicer_error(response=response, **payload) from None
E               databricks.sdk.errors.platform.TemporarilyUnavailable: Request timeout after 8 seconds

../../.venv/lib/python3.10/site-packages/databricks/sdk/core.py:238: TemporarilyUnavailable

The above exception was the direct cause of the following exception:

ws = WorkspaceClient(host='https://DATABRICKS_HOST', auth_type='metadata-service', ...)
inventory_schema = 'ucx_s5exd'
make_job = <function factory.<locals>.inner at 0x1104bdea0>
make_pipeline = <function factory.<locals>.inner at 0x1104be050>
sql_backend = <databricks.labs.ucx.framework.crawlers.StatementExecutionBackend object at 0x11027af50>
make_cluster = <function factory.<locals>.inner at 0x1104be200>

    @retried(on=[NotFound], timeout=timedelta(minutes=5))
    def test_spn_crawler_no_config(ws, inventory_schema, make_job, make_pipeline, sql_backend, make_cluster):
>       make_job()

assessment/test_CLOUD_ENV.py:30: 
_ _ _ _ _ _ _ _ _ _ _ _ _ _ _ _ _ _ _ _ _ _ _ _ _ _ _ _ _ _ _ _ _ _ _ _ _ _ _ _ 
../../src/databricks/labs/ucx/mixins/fixtures.py:55: in inner
    x = create(**kwargs)
../../src/databricks/labs/ucx/mixins/fixtures.py:755: in create
    node_type_id=ws.clusters.select_node_type(local_disk=True),
../../.venv/lib/python3.10/site-packages/databricks/sdk/mixins/compute.py:175: in select_node_type
    res = self.list_node_types()
../../.venv/lib/python3.10/site-packages/databricks/sdk/service/compute.py:6582: in list_node_types
    res = self._api.do('GET', '/api/2.0/clusters/list-node-types', headers=headers)
../../.venv/lib/python3.10/site-packages/databricks/sdk/core.py:130: in do
    response = retryable(self._perform)(method,
_ _ _ _ _ _ _ _ _ _ _ _ _ _ _ _ _ _ _ _ _ _ _ _ _ _ _ _ _ _ _ _ _ _ _ _ _ _ _ _ 

args = ('GET', '/api/2.0/clusters/list-node-types')
kwargs = {'body': None, 'data': None, 'files': None, 'headers': {'Accept': 'application/json', 'User-Agent': 'ucx/0.13.2 databricks-sdk-py/0.20.0 python/3.10.9 os/darwin auth/metadata-service'}, ...}
deadline = 1709135467.878012, attempt = 32
last_err = TemporarilyUnavailable('Request timeout after 8 seconds')
retry_reason = 'throttled by platform', sleep = 1, retry_after_secs = 1

    @functools.wraps(func)
    def wrapper(*args, **kwargs):
        deadline = clock.time() + timeout.total_seconds()
        attempt = 1
        last_err = None
        while clock.time() < deadline:
            try:
                return func(*args, **kwargs)
            except Exception as err:
                last_err = err
                retry_reason = None
                # sleep 10s max per attempt, unless it's HTTP 429 or 503
                sleep = min(10, attempt)
                retry_after_secs = getattr(err, 'retry_after_secs', None)
                if retry_after_secs is not None:
                    # cannot depend on DatabricksError directly because of circular dependency
                    sleep = retry_after_secs
                    retry_reason = 'throttled by platform'
                elif is_retryable is not None:
                    retry_reason = is_retryable(err)
                elif on is not None:
                    for err_type in on:
                        if not isinstance(err, err_type):
                            continue
                        retry_reason = f'{type(err).__name__} is allowed to retry'
    
                if retry_reason is None:
                    # raise if exception is not retryable
                    raise err
    
                logger.debug(f'Retrying: {retry_reason} (sleeping ~{sleep}s)')
                clock.sleep(sleep + random())
                attempt += 1
>       raise TimeoutError(f'Timed out after {timeout}') from last_err
E       TimeoutError: Timed out after 0:05:00

../../.venv/lib/python3.10/site-packages/databricks/sdk/retries.py:59: TimeoutError
---------------------------- Captured stderr setup -----------------------------
[90m16:46:06[0m [1m[36mDEBUG[0m [90m[d.l.u.framework.crawlers] [api][execute] CREATE SCHEMA hive_metastore.ucx_s5exd[0m
[90m16:46:07[0m [1m[32m INFO[0m [1m[d.l.u.mixins.fixtures] Schema hive_metastore.ucx_s5exd: https://DATABRICKS_HOST/explore/data/hive_metastore/ucx_s5exd[0m
[90m16:46:07[0m [1m[36mDEBUG[0m [90m[d.l.u.mixins.fixtures] added schema fixture: SchemaInfo(catalog_name='hive_metastore', catalog_type=None, comment=None, created_at=None, created_by=None, effective_predictive_optimization_flag=None, enable_predictive_optimization=None, full_name='hive_metastore.ucx_s5exd', metastore_id=None, name='ucx_s5exd', owner=None, properties=None, storage_location=None, storage_root=None, updated_at=None, updated_by=None)[0m
------------------------------ Captured log setup ------------------------------
16:46 DEBUG [databricks.labs.ucx.framework.crawlers] [api][execute] CREATE SCHEMA hive_metastore.ucx_s5exd
16:46 INFO [databricks.labs.ucx.mixins.fixtures] Schema hive_metastore.ucx_s5exd: https://DATABRICKS_HOST/explore/data/hive_metastore/ucx_s5exd
16:46 DEBUG [databricks.labs.ucx.mixins.fixtures] added schema fixture: SchemaInfo(catalog_name='hive_metastore', catalog_type=None, comment=None, created_at=None, created_by=None, effective_predictive_optimization_flag=None, enable_predictive_optimization=None, full_name='hive_metastore.ucx_s5exd', metastore_id=None, name='ucx_s5exd', owner=None, properties=None, storage_location=None, storage_root=None, updated_at=None, updated_by=None)
--------------------------- Captured stderr teardown ---------------------------
[90m16:51:08[0m [1m[36mDEBUG[0m [90m[d.l.u.mixins.fixtures] clearing 0 cluster fixtures[0m
[90m16:51:08[0m [1m[36mDEBUG[0m [90m[d.l.u.mixins.fixtures] clearing 0 delta live table fixtures[0m
[90m16:51:08[0m [1m[36mDEBUG[0m [90m[d.l.u.mixins.fixtures] clearing 0 job fixtures[0m
[90m16:51:08[0m [1m[36mDEBUG[0m [90m[d.l.u.mixins.fixtures] clearing 0 notebook fixtures[0m
[90m16:51:08[0m [1m[36mDEBUG[0m [90m[d.l.u.mixins.fixtures] clearing 1 schema fixtures[0m
[90m16:51:08[0m [1m[36mDEBUG[0m [90m[d.l.u.mixins.fixtures] removing schema fixture: SchemaInfo(catalog_name='hive_metastore', catalog_type=None, comment=None, created_at=None, created_by=None, effective_predictive_optimization_flag=None, enable_predictive_optimization=None, full_name='hive_metastore.ucx_s5exd', metastore_id=None, name='ucx_s5exd', owner=None, properties=None, storage_location=None, storage_root=None, updated_at=None, updated_by=None)[0m
[90m16:51:08[0m [1m[36mDEBUG[0m [90m[d.l.u.framework.crawlers] [api][execute] DROP SCHEMA IF EXISTS hive_metastore.ucx_s5exd CASCADE[0m
---------------------------- Captured log teardown -----------------------------
16:51 DEBUG [databricks.labs.ucx.mixins.fixtures] clearing 0 cluster fixtures
16:51 DEBUG [databricks.labs.ucx.mixins.fixtures] clearing 0 delta live table fixtures
16:51 DEBUG [databricks.labs.ucx.mixins.fixtures] clearing 0 job fixtures
16:51 DEBUG [databricks.labs.ucx.mixins.fixtures] clearing 0 notebook fixtures
16:51 DEBUG [databricks.labs.ucx.mixins.fixtures] clearing 1 schema fixtures
16:51 DEBUG [databricks.labs.ucx.mixins.fixtures] removing schema fixture: SchemaInfo(catalog_name='hive_metastore', catalog_type=None, comment=None, created_at=None, created_by=None, effective_predictive_optimization_flag=None, enable_predictive_optimization=None, full_name='hive_metastore.ucx_s5exd', metastore_id=None, name='ucx_s5exd', owner=None, properties=None, storage_location=None, storage_root=None, updated_at=None, updated_by=None)
16:51 DEBUG [databricks.labs.ucx.framework.crawlers] [api][execute] DROP SCHEMA IF EXISTS hive_metastore.ucx_s5exd CASCADE
____________________ test_pipeline_with_secret_conf_crawler ____________________
[gw6] darwin -- Python 3.10.9 /Users/william.conti/Projects/ucx/.venv/bin/python

args = ('GET', '/api/2.0/clusters/list-node-types')
kwargs = {'body': None, 'data': None, 'files': None, 'headers': {'Accept': 'application/json', 'User-Agent': 'ucx/0.13.2 databricks-sdk-py/0.20.0 python/3.10.9 os/darwin auth/metadata-service'}, ...}
deadline = 1709135467.2994509, attempt = 33
last_err = TemporarilyUnavailable('Request timeout after 8 seconds')
retry_reason = 'throttled by platform', sleep = 1, retry_after_secs = 1

    @functools.wraps(func)
    def wrapper(*args, **kwargs):
        deadline = clock.time() + timeout.total_seconds()
        attempt = 1
        last_err = None
        while clock.time() < deadline:
            try:
>               return func(*args, **kwargs)

../../.venv/lib/python3.10/site-packages/databricks/sdk/retries.py:33: 
_ _ _ _ _ _ _ _ _ _ _ _ _ _ _ _ _ _ _ _ _ _ _ _ _ _ _ _ _ _ _ _ _ _ _ _ _ _ _ _ 

self = <databricks.sdk.core.ApiClient object at 0x104a50b50>, method = 'GET'
path = '/api/2.0/clusters/list-node-types', query = None
headers = {'Accept': 'application/json', 'User-Agent': 'ucx/0.13.2 databricks-sdk-py/0.20.0 python/3.10.9 os/darwin auth/metadata-service'}
body = None, raw = False, files = None, data = None

    def _perform(self,
                 method: str,
                 path: str,
                 query: dict = None,
                 headers: dict = None,
                 body: dict = None,
                 raw: bool = False,
                 files=None,
                 data=None):
        response = self._session.request(method,
                                         f"{self._cfg.host}{path}",
                                         params=self._fix_query_string(query),
                                         json=body,
                                         headers=headers,
                                         files=files,
                                         data=data,
                                         stream=raw,
                                         timeout=self._http_timeout_seconds)
        try:
            self._record_request_log(response, raw=raw or data is not None or files is not None)
            if not response.ok: # internally calls response.raise_for_status()
[...]
                # sleep 10s max per attempt, unless it's HTTP 429 or 503
                sleep = min(10, attempt)
                retry_after_secs = getattr(err, 'retry_after_secs', None)
                if retry_after_secs is not None:
                    # cannot depend on DatabricksError directly because of circular dependency
                    sleep = retry_after_secs
                    retry_reason = 'throttled by platform'
                elif is_retryable is not None:
                    retry_reason = is_retryable(err)
                elif on is not None:
                    for err_type in on:
                        if not isinstance(err, err_type):
                            continue
                        retry_reason = f'{type(err).__name__} is allowed to retry'
    
                if retry_reason is None:
                    # raise if exception is not retryable
                    raise err
    
                logger.debug(f'Retrying: {retry_reason} (sleeping ~{sleep}s)')
                clock.sleep(sleep + random())
                attempt += 1
>       raise TimeoutError(f'Timed out after {timeout}') from last_err
E       TimeoutError: Timed out after 0:05:00

../../.venv/lib/python3.10/site-packages/databricks/sdk/retries.py:59: TimeoutError
---------------------------- Captured stderr setup -----------------------------
[90m16:52:10[0m [1m[36mDEBUG[0m [90m[d.l.u.framework.crawlers] [api][execute] CREATE SCHEMA hive_metastore.ucx_skgfn[0m
[90m16:52:11[0m [1m[32m INFO[0m [1m[d.l.u.mixins.fixtures] Schema hive_metastore.ucx_skgfn: https://DATABRICKS_HOST/explore/data/hive_metastore/ucx_skgfn[0m
[90m16:52:11[0m [1m[36mDEBUG[0m [90m[d.l.u.mixins.fixtures] added schema fixture: SchemaInfo(catalog_name='hive_metastore', catalog_type=None, comment=None, created_at=None, created_by=None, effective_predictive_optimization_flag=None, enable_predictive_optimization=None, full_name='hive_metastore.ucx_skgfn', metastore_id=None, name='ucx_skgfn', owner=None, properties=None, storage_location=None, storage_root=None, updated_at=None, updated_by=None)[0m
------------------------------ Captured log setup ------------------------------
16:52 DEBUG [databricks.labs.ucx.framework.crawlers] [api][execute] CREATE SCHEMA hive_metastore.ucx_skgfn
16:52 INFO [databricks.labs.ucx.mixins.fixtures] Schema hive_metastore.ucx_skgfn: https://DATABRICKS_HOST/explore/data/hive_metastore/ucx_skgfn
16:52 DEBUG [databricks.labs.ucx.mixins.fixtures] added schema fixture: SchemaInfo(catalog_name='hive_metastore', catalog_type=None, comment=None, created_at=None, created_by=None, effective_predictive_optimization_flag=None, enable_predictive_optimization=None, full_name='hive_metastore.ucx_skgfn', metastore_id=None, name='ucx_skgfn', owner=None, properties=None, storage_location=None, storage_root=None, updated_at=None, updated_by=None)
----------------------------- Captured stderr call -----------------------------
[90m16:52:12[0m [1m[36mDEBUG[0m [90m[d.l.ucx.install] Cannot find previous installation: Path (/Users/william.conti@databricks.com/.Bii8/config.yml) doesn't exist.[0m
[90m16:52:12[0m [1m[32m INFO[0m [1m[d.l.ucx.install] Please answer a couple of questions to configure Unity Catalog migration[0m
[90m16:52:12[0m [1m[32m INFO[0m [1m[d.l.u.installer.hms_lineage] HMS Lineage feature creates one system table named system.hms_to_uc_migration.table_access and helps in your migration process from HMS to UC by allowing you to programmatically query HMS lineage data.[0m
[90m16:52:13[0m [1m[32m INFO[0m [1m[d.l.ucx.install] Creating UCX cluster policy.[0m
------------------------------ Captured log call -------------------------------
16:52 DEBUG [databricks.labs.ucx.install] Cannot find previous installation: Path (/Users/william.conti@databricks.com/.Bii8/config.yml) doesn't exist.
16:52 INFO [databricks.labs.ucx.install] Please answer a couple of questions to configure Unity Catalog migration
16:52 INFO [databricks.labs.ucx.installer.hms_lineage] HMS Lineage feature creates one system table named system.hms_to_uc_migration.table_access and helps in your migration process from HMS to UC by allowing you to programmatically query HMS lineage data.
16:52 INFO [databricks.labs.ucx.install] Creating UCX cluster policy.
--------------------------- Captured stderr teardown ---------------------------
[90m16:57:22[0m [1m[36mDEBUG[0m [90m[d.l.u.mixins.fixtures] clearing 0 cluster policy fixtures[0m
[90m16:57:22[0m [1m[36mDEBUG[0m [90m[d.l.u.mixins.fixtures] clearing 1 schema fixtures[0m
[90m16:57:22[0m [1m[36mDEBUG[0m [90m[d.l.u.mixins.fixtures] removing schema fixture: SchemaInfo(catalog_name='hive_metastore', catalog_type=None, comment=None, created_at=None, created_by=None, effective_predictive_optimization_flag=None, enable_predictive_optimization=None, full_name='hive_metastore.ucx_skgfn', metastore_id=None, name='ucx_skgfn', owner=None, properties=None, storage_location=None, storage_root=None, updated_at=None, updated_by=None)[0m
[90m16:57:22[0m [1m[36mDEBUG[0m [90m[d.l.u.framework.crawlers] [api][execute] DROP SCHEMA IF EXISTS hive_metastore.ucx_skgfn CASCADE[0m
---------------------------- Captured log teardown -----------------------------
16:57 DEBUG [databricks.labs.ucx.mixins.fixtures] clearing 0 cluster policy fixtures
16:57 DEBUG [databricks.labs.ucx.mixins.fixtures] clearing 1 schema fixtures
16:57 DEBUG [databricks.labs.ucx.mixins.fixtures] removing schema fixture: SchemaInfo(catalog_name='hive_metastore', catalog_type=None, comment=None, created_at=None, created_by=None, effective_predictive_optimization_flag=None, enable_predictive_optimization=None, full_name='hive_metastore.ucx_skgfn', metastore_id=None, name='ucx_skgfn', owner=None, properties=None, storage_location=None, storage_root=None, updated_at=None, updated_by=None)
16:57 DEBUG [databricks.labs.ucx.framework.crawlers] [api][execute] DROP SCHEMA IF EXISTS hive_metastore.ucx_skgfn CASCADE
________________________________ test_pipelines ________________________________
[gw1] darwin -- Python 3.10.9 /Users/william.conti/Projects/ucx/.venv/bin/python

args = ('GET', '/api/2.0/clusters/list-node-types')
kwargs = {'body': None, 'data': None, 'files': None, 'headers': {'Accept': 'application/json', 'User-Agent': 'ucx/0.13.2 databricks-sdk-py/0.20.0 python/3.10.9 os/darwin auth/metadata-service'}, ...}
deadline = 1709135864.4287019, attempt = 27
last_err = TemporarilyUnavailable('Request timeout after 8 seconds')
retry_reason = 'throttled by platform', sleep = 1, retry_after_secs = 1

    @functools.wraps(func)
    def wrapper(*args, **kwargs):
        deadline = clock.time() + timeout.total_seconds()
        attempt = 1
        last_err = None
        while clock.time() < deadline:
            try:
>               return func(*args, **kwargs)

../../.venv/lib/python3.10/site-packages/databricks/sdk/retries.py:33: 
_ _ _ _ _ _ _ _ _ _ _ _ _ _ _ _ _ _ _ _ _ _ _ _ _ _ _ _ _ _ _ _ _ _ _ _ _ _ _ _ 

self = <databricks.sdk.core.ApiClient object at 0x109837370>, method = 'GET'
path = '/api/2.0/clusters/list-node-types', query = None
headers = {'Accept': 'application/json', 'User-Agent': 'ucx/0.13.2 databricks-sdk-py/0.20.0 python/3.10.9 os/darwin auth/metadata-service'}
body = None, raw = False, files = None, data = None

    def _perform(self,
                 method: str,
                 path: str,
                 query: dict = None,
                 headers: dict = None,
                 body: dict = None,
                 raw: bool = False,
                 files=None,
                 data=None):
        response = self._session.request(method,
                                         f"{self._cfg.host}{path}",
                                         params=self._fix_query_string(query),
                                         json=body,
                                         headers=headers,
                                         files=files,
                                         data=data,
                                         stream=raw,
                                         timeout=self._http_timeout_seconds)
        try:
            self._record_request_log(response, raw=raw or data is not None or files is not None)
            if not response.ok: # internally calls response.raise_for_status()
                # TODO: experiment with traceback pruning for better readability
                # See https://stackoverflow.com/a/58821552/277035
                payload = response.json()
>               raise self._make_nicer_error(response=response, **payload) from None
E               databricks.sdk.errors.platform.TemporarilyUnavailable: Request timeout after 8 seconds

../../.venv/lib/python3.10/site-packages/databricks/sdk/core.py:238: TemporarilyUnavailable

The above exception was the direct cause of the following exception:

ws = WorkspaceClient(host='https://DATABRICKS_HOST', auth_type='metadata-service', ...)
make_group = <function factory.<locals>.inner at 0x10a0768c0>
make_pipeline = <function factory.<locals>.inner at 0x10a076d40>
make_pipeline_permissions = <function factory.<locals>.inner at 0x10a076e60>

    @retried(on=[NotFound], timeout=timedelta(minutes=3))
    def test_pipelines(ws, make_group, make_pipeline, make_pipeline_permissions):
        group_a = make_group()
        group_b = make_group()
>       pipeline = make_pipeline()

workspace_access/test_generic.py:120: 
_ _ _ _ _ _ _ _ _ _ _ _ _ _ _ _ _ _ _ _ _ _ _ _ _ _ _ _ _ _ _ _ _ _ _ _ _ _ _ _ 
../../src/databricks/labs/ucx/mixins/fixtures.py:55: in inner
    x = create(**kwargs)
../../src/databricks/labs/ucx/mixins/fixtures.py:796: in create
    node_type_id=ws.clusters.select_node_type(local_disk=True),
../../.venv/lib/python3.10/site-packages/databricks/sdk/mixins/compute.py:175: in select_node_type
    res = self.list_node_types()
../../.venv/lib/python3.10/site-packages/databricks/sdk/service/compute.py:6582: in list_node_types
    res = self._api.do('GET', '/api/2.0/clusters/list-node-types', headers=headers)
../../.venv/lib/python3.10/site-packages/databricks/sdk/core.py:130: in do
    response = retryable(self._perform)(method,
_ _ _ _ _ _ _ _ _ _ _ _ _ _ _ _ _ _ _ _ _ _ _ _ _ _ _ _ _ _ _ _ _ _ _ _ _ _ _ _ 

args = ('GET', '/api/2.0/clusters/list-node-types')
kwargs = {'body': None, 'data': None, 'files': None, 'headers': {'Accept': 'application/json', 'User-Agent': 'ucx/0.13.2 databricks-sdk-py/0.20.0 python/3.10.9 os/darwin auth/metadata-service'}, ...}
deadline = 1709135864.4287019, attempt = 27
last_err = TemporarilyUnavailable('Request timeout after 8 seconds')
retry_reason = 'throttled by platform', sleep = 1, retry_after_secs = 1

    @functools.wraps(func)
    def wrapper(*args, **kwargs):
        deadline = clock.time() + timeout.total_seconds()
        attempt = 1
        last_err = None
        while clock.time() < deadline:
            try:
                return func(*args, **kwargs)
            except Exception as err:
                last_err = err
                retry_reason = None
                # sleep 10s max per attempt, unless it's HTTP 429 or 503
                sleep = min(10, attempt)
                retry_after_secs = getattr(err, 'retry_after_secs', None)
                if retry_after_secs is not None:
                    # cannot depend on DatabricksError directly because of circular dependency
                    sleep = retry_after_secs
                    retry_reason = 'throttled by platform'
                elif is_retryable is not None:
                    retry_reason = is_retryable(err)
                elif on is not None:
                    for err_type in on:
                        if not isinstance(err, err_type):
                            continue
                        retry_reason = f'{type(err).__name__} is allowed to retry'
    
                if retry_reason is None:
                    # raise if exception is not retryable
                    raise err
    
                logger.debug(f'Retrying: {retry_reason} (sleeping ~{sleep}s)')
                clock.sleep(sleep + random())
                attempt += 1
>       raise TimeoutError(f'Timed out after {timeout}') from last_err
E       TimeoutError: Timed out after 0:05:00

../../.venv/lib/python3.10/site-packages/databricks/sdk/retries.py:59: TimeoutError
----------------------------- Captured stderr call -----------------------------
[90m16:52:43[0m [1m[32m INFO[0m [1m[d.l.u.mixins.fixtures] Workspace group sdk-7GOe: https://DATABRICKS_HOST#setting/accounts/groups/160801322989092[0m
[90m16:52:43[0m [1m[36mDEBUG[0m [90m[d.l.u.mixins.fixtures] added workspace group fixture: Group(display_name='sdk-7GOe', entitlements=[], external_id=None, groups=[], id='160801322989092', members=[], meta=ResourceMeta(resource_type='WorkspaceGroup'), roles=[], schemas=[<GroupSchema.URN_IETF_PARAMS_SCIM_SCHEMAS_CORE_2_0_GROUP: 'urn:ietf:params:scim:schemas:core:2.0:Group'>])[0m
[90m16:52:43[0m [1m[32m INFO[0m [1m[d.l.u.mixins.fixtures] Workspace group sdk-LaBO: https://DATABRICKS_HOST#setting/accounts/groups/25792050447461[0m
[90m16:52:43[0m [1m[36mDEBUG[0m [90m[d.l.u.mixins.fixtures] added workspace group fixture: Group(display_name='sdk-LaBO', entitlements=[], external_id=None, groups=[], id='25792050447461', members=[], meta=ResourceMeta(resource_type='WorkspaceGroup'), roles=[], schemas=[<GroupSchema.URN_IETF_PARAMS_SCIM_SCHEMAS_CORE_2_0_GROUP: 'urn:ietf:params:scim:schemas:core:2.0:Group'>])[0m
[90m16:52:44[0m [1m[36mDEBUG[0m [90m[d.l.u.mixins.fixtures] added notebook fixture: /Users/william.conti@databricks.com/sdk-Az9Z.py[0m
------------------------------ Captured log call -------------------------------
16:52 INFO [databricks.labs.ucx.mixins.fixtures] Workspace group sdk-7GOe: https://DATABRICKS_HOST#setting/accounts/groups/160801322989092
16:52 DEBUG [databricks.labs.ucx.mixins.fixtures] added workspace group fixture: Group(display_name='sdk-7GOe', entitlements=[], external_id=None, groups=[], id='160801322989092', members=[], meta=ResourceMeta(resource_type='WorkspaceGroup'), roles=[], schemas=[<GroupSchema.URN_IETF_PARAMS_SCIM_SCHEMAS_CORE_2_0_GROUP: 'urn:ietf:params:scim:schemas:core:2.0:Group'>])
16:52 INFO [databricks.labs.ucx.mixins.fixtures] Workspace group sdk-LaBO: https://DATABRICKS_HOST#setting/accounts/groups/25792050447461
16:52 DEBUG [databricks.labs.ucx.mixins.fixtures] added workspace group fixture: Group(display_name='sdk-LaBO', entitlements=[], external_id=None, groups=[], id='25792050447461', members=[], meta=ResourceMeta(resource_type='WorkspaceGroup'), roles=[], schemas=[<GroupSchema.URN_IETF_PARAMS_SCIM_SCHEMAS_CORE_2_0_GROUP: 'urn:ietf:params:scim:schemas:core:2.0:Group'>])
16:52 DEBUG [databricks.labs.ucx.mixins.fixtures] added notebook fixture: /Users/william.conti@databricks.com/sdk-Az9Z.py
--------------------------- Captured stderr teardown ---------------------------
[90m16:57:54[0m [1m[36mDEBUG[0m [90m[d.l.u.mixins.fixtures] clearing 0 pipeline permissions fixtures[0m
[90m16:57:54[0m [1m[36mDEBUG[0m [90m[d.l.u.mixins.fixtures] clearing 0 delta live table fixtures[0m
[90m16:57:54[0m [1m[36mDEBUG[0m [90m[d.l.u.mixins.fixtures] clearing 1 notebook fixtures[0m
[90m16:57:54[0m [1m[36mDEBUG[0m [90m[d.l.u.mixins.fixtures] removing notebook fixture: /Users/william.conti@databricks.com/sdk-Az9Z.py[0m
[90m16:57:54[0m [1m[36mDEBUG[0m [90m[d.l.u.mixins.fixtures] clearing 2 workspace group fixtures[0m
[90m16:57:54[0m [1m[36mDEBUG[0m [90m[d.l.u.mixins.fixtures] removing workspace group fixture: Group(display_name='sdk-7GOe', entitlements=[], external_id=None, groups=[], id='160801322989092', members=[], meta=ResourceMeta(resource_type='WorkspaceGroup'), roles=[], schemas=[<GroupSchema.URN_IETF_PARAMS_SCIM_SCHEMAS_CORE_2_0_GROUP: 'urn:ietf:params:scim:schemas:core:2.0:Group'>])[0m
[90m16:58:01[0m [1m[36mDEBUG[0m [90m[d.l.u.mixins.fixtures] removing workspace group fixture: Group(display_name='sdk-LaBO', entitlements=[], external_id=None, groups=[], id='25792050447461', members=[], meta=ResourceMeta(resource_type='WorkspaceGroup'), roles=[], schemas=[<GroupSchema.URN_IETF_PARAMS_SCIM_SCHEMAS_CORE_2_0_GROUP: 'urn:ietf:params:scim:schemas:core:2.0:Group'>])[0m
---------------------------- Captured log teardown -----------------------------
16:57 DEBUG [databricks.labs.ucx.mixins.fixtures] clearing 0 pipeline permissions fixtures
16:57 DEBUG [databricks.labs.ucx.mixins.fixtures] clearing 0 delta live table fixtures
16:57 DEBUG [databricks.labs.ucx.mixins.fixtures] clearing 1 notebook fixtures
16:57 DEBUG [databricks.labs.ucx.mixins.fixtures] removing notebook fixture: /Users/william.conti@databricks.com/sdk-Az9Z.py
16:57 DEBUG [databricks.labs.ucx.mixins.fixtures] clearing 2 workspace group fixtures
16:57 DEBUG [databricks.labs.ucx.mixins.fixtures] removing workspace group fixture: Group(display_name='sdk-7GOe', entitlements=[], external_id=None, groups=[], id='160801322989092', members=[], meta=ResourceMeta(resource_type='WorkspaceGroup'), roles=[], schemas=[<GroupSchema.URN_IETF_PARAMS_SCIM_SCHEMAS_CORE_2_0_GROUP: 'urn:ietf:params:scim:schemas:core:2.0:Group'>])
16:58 DEBUG [databricks.labs.ucx.mixins.fixtures] removing workspace group fixture: Group(display_name='sdk-LaBO', entitlements=[], external_id=None, groups=[], id='25792050447461', members=[], meta=ResourceMeta(resource_type='WorkspaceGroup'), roles=[], schemas=[<GroupSchema.URN_IETF_PARAMS_SCIM_SCHEMAS_CORE_2_0_GROUP: 'urn:ietf:params:scim:schemas:core:2.0:Group'>])
=========================== short test summary info ============================
FAILED assessment/test_pipelines.py::test_pipeline_crawler - TimeoutError: Ti...
FAILED assessment/test_CLOUD_ENV.py::test_spn_crawler - TimeoutError: Timed out a...
FAILED assessment/test_CLOUD_ENV.py::test_spn_crawler_with_available_secrets - Ti...
FAILED framework/test_fixtures.py::test_job - TimeoutError: Timed out after 0...
FAILED assessment/test_clusters.py::test_cluster_crawler_no_isolation - Timeo...
FAILED assessment/test_CLOUD_ENV.py::test_spn_crawler_deleted_cluster_policy - Ti...
FAILED framework/test_fixtures.py::test_instance_pool - TimeoutError: Timed o...
FAILED assessment/test_CLOUD_ENV.py::test_spn_crawler_no_config - TimeoutError: T...
FAILED assessment/test_pipelines.py::test_pipeline_with_secret_conf_crawler
FAILED framework/test_fixtures.py::test_pipeline - TimeoutError: Timed out af...
FAILED assessment/test_clusters.py::test_cluster_crawler - TimeoutError: Time...
FAILED assessment/test_CLOUD_ENV.py::test_spn_crawler_with_pipeline_unavailable_secret
FAILED assessment/test_jobs.py::test_job_crawler - TimeoutError: Timed out af...
FAILED workspace_access/test_generic.py::test_instance_pools - TimeoutError: ...
FAILED test_installation.py::test_job_failure_propagates_correct_error_message_and_logs
FAILED workspace_access/test_generic.py::test_jobs - TimeoutError: Timed out ...
FAILED test_installation.py::test_running_real_assessment_job - TimeoutError:...
FAILED test_installation.py::test_running_real_validate_groups_permissions_job
FAILED test_installation.py::test_running_real_remove_backup_groups_job - Tim...
FAILED test_installation.py::test_running_real_validate_groups_permissions_job_fails
FAILED test_installation.py::test_running_real_migrate_groups_job - TimeoutEr...
FAILED test_installation.py::test_repair_run_workflow_job - TimeoutError: Tim...
FAILED test_installation.py::test_uninstallation - TimeoutError: Timed out af...
FAILED workspace_access/test_generic.py::test_verify_permissions - TimeoutErr...
FAILED test_installation.py::test_job_cluster_policy - TimeoutError: Timed ou...
FAILED workspace_access/test_generic.py::test_pipelines - TimeoutError: Timed...
============ 26 failed, 79 passed, 9 skipped in 1206.84s (0:20:06) =============
