============================= test session starts ==============================
collected 114 items / 113 deselected / 1 selected

assessment/test_pipelines.py::test_pipeline_crawler 
-------------------------------- live log setup --------------------------------
17:01 DEBUG [databricks.sdk] Loaded from environment
17:01 DEBUG [databricks.sdk] Ignoring pat auth, because metadata-service is preferred
17:01 DEBUG [databricks.sdk] Ignoring basic auth, because metadata-service is preferred
17:01 DEBUG [databricks.sdk] Attempting to configure auth: metadata-service
17:01 INFO [databricks.sdk] Using Databricks Metadata Service authentication
17:01 DEBUG [databricks.labs.ucx.framework.crawlers] [api][execute] CREATE SCHEMA hive_metastore.ucx_shz0h
17:01 DEBUG [databricks.sdk] Executing SQL statement: CREATE SCHEMA hive_metastore.ucx_shz0h
17:01 DEBUG [databricks.sdk] POST /api/2.0/sql/statements/
> {
>   "disposition": "INLINE",
>   "format": "JSON_ARRAY",
>   "statement": "CREATE SCHEMA hive_metastore.ucx_shz0h",
>   "warehouse_id": "TEST_DEFAULT_WAREHOUSE_ID"
> }
< 200 OK
< {
<   "manifest": {
<     "format": "JSON_ARRAY",
<     "schema": {
<       "column_count": 0
<     },
<     "total_chunk_count": 0,
<     "total_row_count": 0,
<     "truncated": false
<   },
<   "result": {},
<   "statement_id": "01eed652-92e7-1d51-98f7-eeb0b4d861b6",
<   "status": {
<     "state": "SUCCEEDED"
<   }
< }
17:01 INFO [databricks.labs.ucx.mixins.fixtures] Schema hive_metastore.ucx_shz0h: https://DATABRICKS_HOST/explore/data/hive_metastore/ucx_shz0h
17:01 DEBUG [databricks.labs.ucx.mixins.fixtures] added schema fixture: SchemaInfo(catalog_name='hive_metastore', catalog_type=None, comment=None, created_at=None, created_by=None, effective_predictive_optimization_flag=None, enable_predictive_optimization=None, full_name='hive_metastore.ucx_shz0h', metastore_id=None, name='ucx_shz0h', owner=None, properties=None, storage_location=None, storage_root=None, updated_at=None, updated_by=None)
-------------------------------- live log call ---------------------------------
17:01 INFO [tests.integration.assessment.test_assessment] setting up fixtures
17:01 DEBUG [databricks.sdk] GET /api/2.0/preview/scim/v2/Me
< 200 OK
< {
<   "active": true,
<   "displayName": "William Conti",
<   "emails": [
<     {
<       "primary": true,
<       "type": "work",
<       "value": "**REDACTED**"
<     }
<   ],
<   "externalId": "4e5d3714-74a3-448e-a82b-1e8bf5bf5402",
<   "groups": [
<     {
<       "$ref": "Groups/490163617906961",
<       "display": "labs-scope-tool",
<       "type": "indirect",
<       "value": "**REDACTED**"
<     },
<     "... (4 additional elements)"
<   ],
<   "id": "3752755683879704",
<   "name": {
<     "familyName": "Conti",
<     "givenName": "William"
<   },
<   "schemas": [
<     "urn:ietf:params:scim:schemas:core:2.0:User",
<     "... (1 additional elements)"
<   ],
<   "userName": "william.conti@databricks.com"
< }
17:01 DEBUG [databricks.sdk] POST /api/2.0/workspace/import
> [raw stream]
< 200 OK
< {}
17:01 DEBUG [databricks.labs.ucx.mixins.fixtures] added notebook fixture: /Users/william.conti@databricks.com/sdk-2b7Y.py
17:01 DEBUG [databricks.sdk] GET /api/2.0/clusters/list-node-types
< 503 Service Unavailable
< {
<   "error_code": "TEMPORARILY_UNAVAILABLE",
<   "message": "Request timeout after 8 seconds"
< }
17:01 DEBUG [databricks.sdk.retries] Retrying: throttled by platform (sleeping ~1s)
17:01 DEBUG [databricks.sdk] GET /api/2.0/clusters/list-node-types
< 503 Service Unavailable
< {
<   "error_code": "TEMPORARILY_UNAVAILABLE",
<   "message": "Request timeout after 8 seconds"
< }
17:01 DEBUG [databricks.sdk.retries] Retrying: throttled by platform (sleeping ~1s)
17:01 DEBUG [databricks.sdk] GET /api/2.0/clusters/list-node-types
< 503 Service Unavailable
< {
<   "error_code": "TEMPORARILY_UNAVAILABLE",
<   "message": "Request timeout after 8 seconds"
< }
17:01 DEBUG [databricks.sdk.retries] Retrying: throttled by platform (sleeping ~1s)
